2018-03-15 10:39:26.227 INFO  [restartedMain] o.g.s.m.provider.SpringCloudProvier:48 - Starting SpringCloudProvier on PC527707 with PID 14112 (E:\java_code1\spring\spring-cloud-provider\target\classes started by 527707 in E:\java_code1\spring\spring-cloud-provider)
2018-03-15 10:39:26.230 INFO  [restartedMain] o.g.s.m.provider.SpringCloudProvier:593 - No active profile set, falling back to default profiles: default
2018-03-15 10:39:26.308 INFO  [restartedMain] o.s.b.c.e.AnnotationConfigEmbeddedWebApplicationContext:583 - Refreshing org.springframework.boot.context.embedded.AnnotationConfigEmbeddedWebApplicationContext@3deb89b: startup date [Thu Mar 15 10:39:26 CST 2018]; root of context hierarchy
2018-03-15 10:39:26.658 INFO  [background-preinit] o.h.validator.internal.util.Version:30 - HV000001: Hibernate Validator 5.3.6.Final
2018-03-15 10:39:27.126 INFO  [restartedMain] o.s.b.f.s.DefaultListableBeanFactory:828 - Overriding bean definition for bean 'dataSource' with a different definition: replacing [Generic bean: class [org.giveu.springcloud.mjf.provider.config.DataSource]; scope=singleton; abstract=false; lazyInit=false; autowireMode=0; dependencyCheck=0; autowireCandidate=true; primary=false; factoryBeanName=null; factoryMethodName=null; initMethodName=null; destroyMethodName=null; defined in file [E:\java_code1\spring\spring-cloud-provider\target\classes\org\giveu\springcloud\mjf\provider\config\DataSource.class]] with [Root bean: class [null]; scope=; abstract=false; lazyInit=false; autowireMode=3; dependencyCheck=0; autowireCandidate=true; primary=false; factoryBeanName=dataSource; factoryMethodName=dataSource; initMethodName=null; destroyMethodName=(inferred); defined in class path resource [org/giveu/springcloud/mjf/provider/config/DataSource.class]]
2018-03-15 10:39:27.359 INFO  [restartedMain] o.s.b.f.s.DefaultListableBeanFactory:828 - Overriding bean definition for bean 'beetlGroupUtilConfiguration' with a different definition: replacing [Root bean: class [null]; scope=; abstract=false; lazyInit=false; autowireMode=3; dependencyCheck=0; autowireCandidate=true; primary=false; factoryBeanName=beetlConfig; factoryMethodName=beetlGroupUtilConfiguration; initMethodName=init; destroyMethodName=(inferred); defined in class path resource [org/giveu/springcloud/mjf/provider/config/beetl/BeetlConfig.class]] with [Root bean: class [null]; scope=; abstract=false; lazyInit=false; autowireMode=3; dependencyCheck=0; autowireCandidate=true; primary=false; factoryBeanName=cn.yerl.web.spring.beetl.BeetlConfiguration; factoryMethodName=beetlGroupUtilConfiguration; initMethodName=init; destroyMethodName=(inferred); defined in class path resource [cn/yerl/web/spring/beetl/BeetlConfiguration.class]]
2018-03-15 10:39:27.360 INFO  [restartedMain] o.s.b.f.s.DefaultListableBeanFactory:828 - Overriding bean definition for bean 'beetlViewResolver' with a different definition: replacing [Root bean: class [null]; scope=; abstract=false; lazyInit=false; autowireMode=3; dependencyCheck=0; autowireCandidate=true; primary=false; factoryBeanName=beetlConfig; factoryMethodName=beetlViewResolver; initMethodName=null; destroyMethodName=(inferred); defined in class path resource [org/giveu/springcloud/mjf/provider/config/beetl/BeetlConfig.class]] with [Root bean: class [null]; scope=; abstract=false; lazyInit=false; autowireMode=3; dependencyCheck=0; autowireCandidate=true; primary=false; factoryBeanName=cn.yerl.web.spring.beetl.BeetlConfiguration; factoryMethodName=beetlViewResolver; initMethodName=null; destroyMethodName=(inferred); defined in class path resource [cn/yerl/web/spring/beetl/BeetlConfiguration.class]]
2018-03-15 10:39:27.404 INFO  [restartedMain] o.s.b.f.s.DefaultListableBeanFactory:828 - Overriding bean definition for bean 'dataSource' with a different definition: replacing [Root bean: class [null]; scope=; abstract=false; lazyInit=false; autowireMode=3; dependencyCheck=0; autowireCandidate=true; primary=false; factoryBeanName=dataSource; factoryMethodName=dataSource; initMethodName=null; destroyMethodName=(inferred); defined in class path resource [org/giveu/springcloud/mjf/provider/config/DataSource.class]] with [Root bean: class [null]; scope=; abstract=false; lazyInit=false; autowireMode=3; dependencyCheck=0; autowireCandidate=true; primary=false; factoryBeanName=com.alibaba.druid.spring.boot.autoconfigure.DruidDataSourceAutoConfigure; factoryMethodName=dataSource; initMethodName=null; destroyMethodName=(inferred); defined in class path resource [com/alibaba/druid/spring/boot/autoconfigure/DruidDataSourceAutoConfigure.class]]
2018-03-15 10:39:28.256 INFO  [restartedMain] o.s.b.c.e.t.TomcatEmbeddedServletContainer:89 - Tomcat initialized with port(s): 8673 (http)
2018-03-15 10:39:28.268 INFO  [restartedMain] o.a.catalina.core.StandardService:179 - Starting service [Tomcat]
2018-03-15 10:39:28.269 INFO  [restartedMain] o.a.catalina.core.StandardEngine:179 - Starting Servlet Engine: Apache Tomcat/8.5.23
2018-03-15 10:39:28.345 INFO  [localhost-startStop-1] o.a.c.c.C.[Tomcat].[localhost].[/]:179 - Initializing Spring embedded WebApplicationContext
2018-03-15 10:39:28.346 INFO  [localhost-startStop-1] o.s.web.context.ContextLoader:276 - Root WebApplicationContext: initialization completed in 2038 ms
2018-03-15 10:39:28.577 INFO  [localhost-startStop-1] o.s.b.w.s.ServletRegistrationBean:190 - Mapping servlet: 'dispatcherServlet' to [/]
2018-03-15 10:39:28.578 INFO  [localhost-startStop-1] o.s.b.w.s.ServletRegistrationBean:190 - Mapping servlet: 'statViewServlet' to [/druid/*]
2018-03-15 10:39:28.581 INFO  [localhost-startStop-1] o.s.b.w.s.FilterRegistrationBean:258 - Mapping filter: 'characterEncodingFilter' to: [/*]
2018-03-15 10:39:28.582 INFO  [localhost-startStop-1] o.s.b.w.s.FilterRegistrationBean:258 - Mapping filter: 'hiddenHttpMethodFilter' to: [/*]
2018-03-15 10:39:28.582 INFO  [localhost-startStop-1] o.s.b.w.s.FilterRegistrationBean:258 - Mapping filter: 'httpPutFormContentFilter' to: [/*]
2018-03-15 10:39:28.582 INFO  [localhost-startStop-1] o.s.b.w.s.FilterRegistrationBean:258 - Mapping filter: 'requestContextFilter' to: [/*]
2018-03-15 10:39:28.583 INFO  [localhost-startStop-1] o.s.b.w.s.FilterRegistrationBean:271 - Mapping filter: 'webStatFilter' to urls: [/*]
2018-03-15 10:39:29.734 INFO  [restartedMain] o.s.w.s.m.m.a.RequestMappingHandlerAdapter:534 - Looking for @ControllerAdvice: org.springframework.boot.context.embedded.AnnotationConfigEmbeddedWebApplicationContext@3deb89b: startup date [Thu Mar 15 10:39:26 CST 2018]; root of context hierarchy
2018-03-15 10:39:29.802 INFO  [restartedMain] o.s.w.s.m.m.a.RequestMappingHandlerMapping:543 - Mapped "{[/index]}" onto public java.lang.String org.giveu.springcloud.mjf.provider.controller.UserController.index()
2018-03-15 10:39:29.803 INFO  [restartedMain] o.s.w.s.m.m.a.RequestMappingHandlerMapping:543 - Mapped "{[/hello]}" onto public java.util.List<org.giveu.springcloud.mjf.provider.model.User> org.giveu.springcloud.mjf.provider.controller.UserController.hello()
2018-03-15 10:39:29.805 INFO  [restartedMain] o.s.w.s.m.m.a.RequestMappingHandlerMapping:543 - Mapped "{[/error]}" onto public org.springframework.http.ResponseEntity<java.util.Map<java.lang.String, java.lang.Object>> org.springframework.boot.autoconfigure.web.BasicErrorController.error(javax.servlet.http.HttpServletRequest)
2018-03-15 10:39:29.806 INFO  [restartedMain] o.s.w.s.m.m.a.RequestMappingHandlerMapping:543 - Mapped "{[/error],produces=[text/html]}" onto public org.springframework.web.servlet.ModelAndView org.springframework.boot.autoconfigure.web.BasicErrorController.errorHtml(javax.servlet.http.HttpServletRequest,javax.servlet.http.HttpServletResponse)
2018-03-15 10:39:29.837 INFO  [restartedMain] o.s.w.s.h.SimpleUrlHandlerMapping:362 - Mapped URL path [/webjars/**] onto handler of type [class org.springframework.web.servlet.resource.ResourceHttpRequestHandler]
2018-03-15 10:39:29.837 INFO  [restartedMain] o.s.w.s.h.SimpleUrlHandlerMapping:362 - Mapped URL path [/**] onto handler of type [class org.springframework.web.servlet.resource.ResourceHttpRequestHandler]
2018-03-15 10:39:29.878 INFO  [restartedMain] o.s.w.s.h.SimpleUrlHandlerMapping:362 - Mapped URL path [/**/favicon.ico] onto handler of type [class org.springframework.web.servlet.resource.ResourceHttpRequestHandler]
2018-03-15 10:39:30.275 INFO  [restartedMain] o.s.j.e.a.AnnotationMBeanExporter:431 - Registering beans for JMX exposure on startup
2018-03-15 10:39:30.276 INFO  [restartedMain] o.s.j.e.a.AnnotationMBeanExporter:916 - Bean with name 'dataSource' has been autodetected for JMX exposure
2018-03-15 10:39:30.277 INFO  [restartedMain] o.s.j.e.a.AnnotationMBeanExporter:916 - Bean with name 'statFilter' has been autodetected for JMX exposure
2018-03-15 10:39:30.281 INFO  [restartedMain] o.s.j.e.a.AnnotationMBeanExporter:671 - Located MBean 'dataSource': registering with JMX server as MBean [com.alibaba.druid.spring.boot.autoconfigure:name=dataSource,type=DruidDataSourceWrapper]
2018-03-15 10:39:30.282 INFO  [restartedMain] o.s.j.e.a.AnnotationMBeanExporter:671 - Located MBean 'statFilter': registering with JMX server as MBean [com.alibaba.druid.filter.stat:name=statFilter,type=StatFilter]
2018-03-15 10:39:30.294 INFO  [restartedMain] o.a.coyote.http11.Http11NioProtocol:179 - Initializing ProtocolHandler ["http-nio-8673"]
2018-03-15 10:39:30.304 INFO  [restartedMain] o.a.coyote.http11.Http11NioProtocol:179 - Starting ProtocolHandler ["http-nio-8673"]
2018-03-15 10:39:30.312 INFO  [restartedMain] o.a.tomcat.util.net.NioSelectorPool:179 - Using a shared selector for servlet write/read
2018-03-15 10:39:30.332 INFO  [restartedMain] o.s.b.c.e.t.TomcatEmbeddedServletContainer:201 - Tomcat started on port(s): 8673 (http)
2018-03-15 10:39:30.337 INFO  [restartedMain] o.g.s.m.provider.SpringCloudProvier:57 - Started SpringCloudProvier in 4.59 seconds (JVM running for 5.158)
2018-03-15 10:39:30.337 INFO  [restartedMain] o.g.s.m.provider.SpringCloudProvier:15 - SpringCloudProvier start success
2018-03-15 10:39:57.431 INFO  [http-nio-8673-exec-1] o.a.c.c.C.[Tomcat].[localhost].[/]:179 - Initializing Spring FrameworkServlet 'dispatcherServlet'
2018-03-15 10:39:57.432 INFO  [http-nio-8673-exec-1] o.s.web.servlet.DispatcherServlet:489 - FrameworkServlet 'dispatcherServlet': initialization started
2018-03-15 10:39:57.456 INFO  [http-nio-8673-exec-1] o.s.web.servlet.DispatcherServlet:508 - FrameworkServlet 'dispatcherServlet': initialization completed in 24 ms
2018-03-15 10:40:01.180 INFO  [http-nio-8673-exec-1] c.alibaba.druid.pool.DruidDataSource:932 - {dataSource-1} inited
2018-03-15 10:41:38.037 INFO  [Thread-1] o.s.b.c.e.AnnotationConfigEmbeddedWebApplicationContext:984 - Closing org.springframework.boot.context.embedded.AnnotationConfigEmbeddedWebApplicationContext@3deb89b: startup date [Thu Mar 15 10:39:26 CST 2018]; root of context hierarchy
2018-03-15 10:41:38.039 INFO  [Thread-1] o.s.j.e.a.AnnotationMBeanExporter:449 - Unregistering JMX-exposed beans on shutdown
2018-03-15 10:41:38.040 INFO  [Thread-1] o.s.j.e.a.AnnotationMBeanExporter:241 - Unregistering JMX-exposed beans
2018-03-15 10:41:38.047 INFO  [Thread-1] c.alibaba.druid.pool.DruidDataSource:1712 - {dataSource-1} closed
2018-03-15 10:41:38.342 INFO  [restartedMain] o.g.s.m.provider.SpringCloudProvier:48 - Starting SpringCloudProvier on PC527707 with PID 14112 (E:\java_code1\spring\spring-cloud-provider\target\classes started by 527707 in E:\java_code1\spring\spring-cloud-provider)
2018-03-15 10:41:38.342 INFO  [restartedMain] o.g.s.m.provider.SpringCloudProvier:593 - No active profile set, falling back to default profiles: default
2018-03-15 10:41:38.345 INFO  [restartedMain] o.s.b.c.e.AnnotationConfigEmbeddedWebApplicationContext:583 - Refreshing org.springframework.boot.context.embedded.AnnotationConfigEmbeddedWebApplicationContext@475fe0b0: startup date [Thu Mar 15 10:41:38 CST 2018]; root of context hierarchy
2018-03-15 10:41:38.659 INFO  [restartedMain] o.s.b.f.s.DefaultListableBeanFactory:828 - Overriding bean definition for bean 'dataSource' with a different definition: replacing [Generic bean: class [org.giveu.springcloud.mjf.provider.config.DataSource]; scope=singleton; abstract=false; lazyInit=false; autowireMode=0; dependencyCheck=0; autowireCandidate=true; primary=false; factoryBeanName=null; factoryMethodName=null; initMethodName=null; destroyMethodName=null; defined in file [E:\java_code1\spring\spring-cloud-provider\target\classes\org\giveu\springcloud\mjf\provider\config\DataSource.class]] with [Root bean: class [null]; scope=; abstract=false; lazyInit=false; autowireMode=3; dependencyCheck=0; autowireCandidate=true; primary=false; factoryBeanName=dataSource; factoryMethodName=dataSource; initMethodName=null; destroyMethodName=(inferred); defined in class path resource [org/giveu/springcloud/mjf/provider/config/DataSource.class]]
2018-03-15 10:41:38.689 INFO  [restartedMain] o.s.b.f.s.DefaultListableBeanFactory:828 - Overriding bean definition for bean 'beetlGroupUtilConfiguration' with a different definition: replacing [Root bean: class [null]; scope=; abstract=false; lazyInit=false; autowireMode=3; dependencyCheck=0; autowireCandidate=true; primary=false; factoryBeanName=beetlConfig; factoryMethodName=beetlGroupUtilConfiguration; initMethodName=init; destroyMethodName=(inferred); defined in class path resource [org/giveu/springcloud/mjf/provider/config/beetl/BeetlConfig.class]] with [Root bean: class [null]; scope=; abstract=false; lazyInit=false; autowireMode=3; dependencyCheck=0; autowireCandidate=true; primary=false; factoryBeanName=cn.yerl.web.spring.beetl.BeetlConfiguration; factoryMethodName=beetlGroupUtilConfiguration; initMethodName=init; destroyMethodName=(inferred); defined in class path resource [cn/yerl/web/spring/beetl/BeetlConfiguration.class]]
2018-03-15 10:41:38.690 INFO  [restartedMain] o.s.b.f.s.DefaultListableBeanFactory:828 - Overriding bean definition for bean 'beetlViewResolver' with a different definition: replacing [Root bean: class [null]; scope=; abstract=false; lazyInit=false; autowireMode=3; dependencyCheck=0; autowireCandidate=true; primary=false; factoryBeanName=beetlConfig; factoryMethodName=beetlViewResolver; initMethodName=null; destroyMethodName=(inferred); defined in class path resource [org/giveu/springcloud/mjf/provider/config/beetl/BeetlConfig.class]] with [Root bean: class [null]; scope=; abstract=false; lazyInit=false; autowireMode=3; dependencyCheck=0; autowireCandidate=true; primary=false; factoryBeanName=cn.yerl.web.spring.beetl.BeetlConfiguration; factoryMethodName=beetlViewResolver; initMethodName=null; destroyMethodName=(inferred); defined in class path resource [cn/yerl/web/spring/beetl/BeetlConfiguration.class]]
2018-03-15 10:41:38.695 INFO  [restartedMain] o.s.b.f.s.DefaultListableBeanFactory:828 - Overriding bean definition for bean 'dataSource' with a different definition: replacing [Root bean: class [null]; scope=; abstract=false; lazyInit=false; autowireMode=3; dependencyCheck=0; autowireCandidate=true; primary=false; factoryBeanName=dataSource; factoryMethodName=dataSource; initMethodName=null; destroyMethodName=(inferred); defined in class path resource [org/giveu/springcloud/mjf/provider/config/DataSource.class]] with [Root bean: class [null]; scope=; abstract=false; lazyInit=false; autowireMode=3; dependencyCheck=0; autowireCandidate=true; primary=false; factoryBeanName=com.alibaba.druid.spring.boot.autoconfigure.DruidDataSourceAutoConfigure; factoryMethodName=dataSource; initMethodName=null; destroyMethodName=(inferred); defined in class path resource [com/alibaba/druid/spring/boot/autoconfigure/DruidDataSourceAutoConfigure.class]]
2018-03-15 10:41:38.794 INFO  [restartedMain] o.s.b.c.e.t.TomcatEmbeddedServletContainer:89 - Tomcat initialized with port(s): 8673 (http)
2018-03-15 10:41:38.795 INFO  [restartedMain] o.a.catalina.core.StandardService:179 - Starting service [Tomcat]
2018-03-15 10:41:38.795 INFO  [restartedMain] o.a.catalina.core.StandardEngine:179 - Starting Servlet Engine: Apache Tomcat/8.5.23
2018-03-15 10:41:38.804 INFO  [localhost-startStop-1] o.a.c.c.C.[Tomcat].[localhost].[/]:179 - Initializing Spring embedded WebApplicationContext
2018-03-15 10:41:38.805 INFO  [localhost-startStop-1] o.s.web.context.ContextLoader:276 - Root WebApplicationContext: initialization completed in 460 ms
2018-03-15 10:41:38.837 INFO  [localhost-startStop-1] o.s.b.w.s.ServletRegistrationBean:190 - Mapping servlet: 'dispatcherServlet' to [/]
2018-03-15 10:41:38.838 INFO  [localhost-startStop-1] o.s.b.w.s.ServletRegistrationBean:190 - Mapping servlet: 'statViewServlet' to [/druid/*]
2018-03-15 10:41:38.838 INFO  [localhost-startStop-1] o.s.b.w.s.FilterRegistrationBean:258 - Mapping filter: 'characterEncodingFilter' to: [/*]
2018-03-15 10:41:38.838 INFO  [localhost-startStop-1] o.s.b.w.s.FilterRegistrationBean:258 - Mapping filter: 'hiddenHttpMethodFilter' to: [/*]
2018-03-15 10:41:38.838 INFO  [localhost-startStop-1] o.s.b.w.s.FilterRegistrationBean:258 - Mapping filter: 'httpPutFormContentFilter' to: [/*]
2018-03-15 10:41:38.839 INFO  [localhost-startStop-1] o.s.b.w.s.FilterRegistrationBean:258 - Mapping filter: 'requestContextFilter' to: [/*]
2018-03-15 10:41:38.839 INFO  [localhost-startStop-1] o.s.b.w.s.FilterRegistrationBean:271 - Mapping filter: 'webStatFilter' to urls: [/*]
2018-03-15 10:41:39.251 INFO  [restartedMain] o.s.w.s.m.m.a.RequestMappingHandlerAdapter:534 - Looking for @ControllerAdvice: org.springframework.boot.context.embedded.AnnotationConfigEmbeddedWebApplicationContext@475fe0b0: startup date [Thu Mar 15 10:41:38 CST 2018]; root of context hierarchy
2018-03-15 10:41:39.259 INFO  [restartedMain] o.s.w.s.m.m.a.RequestMappingHandlerMapping:543 - Mapped "{[/index]}" onto public java.lang.String org.giveu.springcloud.mjf.provider.controller.UserController.index()
2018-03-15 10:41:39.260 INFO  [restartedMain] o.s.w.s.m.m.a.RequestMappingHandlerMapping:543 - Mapped "{[/hello]}" onto public java.util.List<org.giveu.springcloud.mjf.provider.model.User> org.giveu.springcloud.mjf.provider.controller.UserController.hello()
2018-03-15 10:41:39.265 INFO  [restartedMain] o.s.w.s.m.m.a.RequestMappingHandlerMapping:543 - Mapped "{[/error]}" onto public org.springframework.http.ResponseEntity<java.util.Map<java.lang.String, java.lang.Object>> org.springframework.boot.autoconfigure.web.BasicErrorController.error(javax.servlet.http.HttpServletRequest)
2018-03-15 10:41:39.266 INFO  [restartedMain] o.s.w.s.m.m.a.RequestMappingHandlerMapping:543 - Mapped "{[/error],produces=[text/html]}" onto public org.springframework.web.servlet.ModelAndView org.springframework.boot.autoconfigure.web.BasicErrorController.errorHtml(javax.servlet.http.HttpServletRequest,javax.servlet.http.HttpServletResponse)
2018-03-15 10:41:39.276 INFO  [restartedMain] o.s.w.s.h.SimpleUrlHandlerMapping:362 - Mapped URL path [/webjars/**] onto handler of type [class org.springframework.web.servlet.resource.ResourceHttpRequestHandler]
2018-03-15 10:41:39.277 INFO  [restartedMain] o.s.w.s.h.SimpleUrlHandlerMapping:362 - Mapped URL path [/**] onto handler of type [class org.springframework.web.servlet.resource.ResourceHttpRequestHandler]
2018-03-15 10:41:39.288 INFO  [restartedMain] o.s.w.s.h.SimpleUrlHandlerMapping:362 - Mapped URL path [/**/favicon.ico] onto handler of type [class org.springframework.web.servlet.resource.ResourceHttpRequestHandler]
2018-03-15 10:41:39.473 INFO  [restartedMain] o.s.j.e.a.AnnotationMBeanExporter:431 - Registering beans for JMX exposure on startup
2018-03-15 10:41:39.473 INFO  [restartedMain] o.s.j.e.a.AnnotationMBeanExporter:916 - Bean with name 'dataSource' has been autodetected for JMX exposure
2018-03-15 10:41:39.474 INFO  [restartedMain] o.s.j.e.a.AnnotationMBeanExporter:916 - Bean with name 'statFilter' has been autodetected for JMX exposure
2018-03-15 10:41:39.476 INFO  [restartedMain] o.s.j.e.a.AnnotationMBeanExporter:671 - Located MBean 'dataSource': registering with JMX server as MBean [com.alibaba.druid.spring.boot.autoconfigure:name=dataSource,type=DruidDataSourceWrapper]
2018-03-15 10:41:39.477 INFO  [restartedMain] o.s.j.e.a.AnnotationMBeanExporter:671 - Located MBean 'statFilter': registering with JMX server as MBean [com.alibaba.druid.filter.stat:name=statFilter,type=StatFilter]
2018-03-15 10:41:39.480 INFO  [restartedMain] o.a.coyote.http11.Http11NioProtocol:179 - Initializing ProtocolHandler ["http-nio-8673"]
2018-03-15 10:41:39.481 INFO  [restartedMain] o.a.coyote.http11.Http11NioProtocol:179 - Starting ProtocolHandler ["http-nio-8673"]
2018-03-15 10:41:39.482 INFO  [restartedMain] o.a.tomcat.util.net.NioSelectorPool:179 - Using a shared selector for servlet write/read
2018-03-15 10:41:39.488 INFO  [restartedMain] o.s.b.c.e.t.TomcatEmbeddedServletContainer:201 - Tomcat started on port(s): 8673 (http)
2018-03-15 10:41:39.490 INFO  [restartedMain] o.g.s.m.provider.SpringCloudProvier:57 - Started SpringCloudProvier in 1.2 seconds (JVM running for 134.272)
2018-03-15 10:41:39.490 INFO  [restartedMain] o.g.s.m.provider.SpringCloudProvier:15 - SpringCloudProvier start success
2018-03-15 10:41:58.207 INFO  [Thread-8] o.s.b.c.e.AnnotationConfigEmbeddedWebApplicationContext:984 - Closing org.springframework.boot.context.embedded.AnnotationConfigEmbeddedWebApplicationContext@475fe0b0: startup date [Thu Mar 15 10:41:38 CST 2018]; root of context hierarchy
2018-03-15 10:41:58.209 INFO  [Thread-8] o.s.j.e.a.AnnotationMBeanExporter:449 - Unregistering JMX-exposed beans on shutdown
2018-03-15 10:41:58.209 INFO  [Thread-8] o.s.j.e.a.AnnotationMBeanExporter:241 - Unregistering JMX-exposed beans
2018-03-15 10:41:58.486 INFO  [restartedMain] o.g.s.m.provider.SpringCloudProvier:48 - Starting SpringCloudProvier on PC527707 with PID 14112 (E:\java_code1\spring\spring-cloud-provider\target\classes started by 527707 in E:\java_code1\spring\spring-cloud-provider)
2018-03-15 10:41:58.487 INFO  [restartedMain] o.g.s.m.provider.SpringCloudProvier:593 - No active profile set, falling back to default profiles: default
2018-03-15 10:41:58.491 INFO  [restartedMain] o.s.b.c.e.AnnotationConfigEmbeddedWebApplicationContext:583 - Refreshing org.springframework.boot.context.embedded.AnnotationConfigEmbeddedWebApplicationContext@7c13c3bb: startup date [Thu Mar 15 10:41:58 CST 2018]; root of context hierarchy
2018-03-15 10:41:58.734 INFO  [restartedMain] o.s.b.f.s.DefaultListableBeanFactory:828 - Overriding bean definition for bean 'dataSource' with a different definition: replacing [Generic bean: class [org.giveu.springcloud.mjf.provider.config.DataSource]; scope=singleton; abstract=false; lazyInit=false; autowireMode=0; dependencyCheck=0; autowireCandidate=true; primary=false; factoryBeanName=null; factoryMethodName=null; initMethodName=null; destroyMethodName=null; defined in file [E:\java_code1\spring\spring-cloud-provider\target\classes\org\giveu\springcloud\mjf\provider\config\DataSource.class]] with [Root bean: class [null]; scope=; abstract=false; lazyInit=false; autowireMode=3; dependencyCheck=0; autowireCandidate=true; primary=false; factoryBeanName=dataSource; factoryMethodName=dataSource; initMethodName=null; destroyMethodName=(inferred); defined in class path resource [org/giveu/springcloud/mjf/provider/config/DataSource.class]]
2018-03-15 10:41:58.775 INFO  [restartedMain] o.s.b.f.s.DefaultListableBeanFactory:828 - Overriding bean definition for bean 'beetlGroupUtilConfiguration' with a different definition: replacing [Root bean: class [null]; scope=; abstract=false; lazyInit=false; autowireMode=3; dependencyCheck=0; autowireCandidate=true; primary=false; factoryBeanName=beetlConfig; factoryMethodName=beetlGroupUtilConfiguration; initMethodName=init; destroyMethodName=(inferred); defined in class path resource [org/giveu/springcloud/mjf/provider/config/beetl/BeetlConfig.class]] with [Root bean: class [null]; scope=; abstract=false; lazyInit=false; autowireMode=3; dependencyCheck=0; autowireCandidate=true; primary=false; factoryBeanName=cn.yerl.web.spring.beetl.BeetlConfiguration; factoryMethodName=beetlGroupUtilConfiguration; initMethodName=init; destroyMethodName=(inferred); defined in class path resource [cn/yerl/web/spring/beetl/BeetlConfiguration.class]]
2018-03-15 10:41:58.787 INFO  [restartedMain] o.s.b.f.s.DefaultListableBeanFactory:828 - Overriding bean definition for bean 'beetlViewResolver' with a different definition: replacing [Root bean: class [null]; scope=; abstract=false; lazyInit=false; autowireMode=3; dependencyCheck=0; autowireCandidate=true; primary=false; factoryBeanName=beetlConfig; factoryMethodName=beetlViewResolver; initMethodName=null; destroyMethodName=(inferred); defined in class path resource [org/giveu/springcloud/mjf/provider/config/beetl/BeetlConfig.class]] with [Root bean: class [null]; scope=; abstract=false; lazyInit=false; autowireMode=3; dependencyCheck=0; autowireCandidate=true; primary=false; factoryBeanName=cn.yerl.web.spring.beetl.BeetlConfiguration; factoryMethodName=beetlViewResolver; initMethodName=null; destroyMethodName=(inferred); defined in class path resource [cn/yerl/web/spring/beetl/BeetlConfiguration.class]]
2018-03-15 10:41:58.792 INFO  [restartedMain] o.s.b.f.s.DefaultListableBeanFactory:828 - Overriding bean definition for bean 'dataSource' with a different definition: replacing [Root bean: class [null]; scope=; abstract=false; lazyInit=false; autowireMode=3; dependencyCheck=0; autowireCandidate=true; primary=false; factoryBeanName=dataSource; factoryMethodName=dataSource; initMethodName=null; destroyMethodName=(inferred); defined in class path resource [org/giveu/springcloud/mjf/provider/config/DataSource.class]] with [Root bean: class [null]; scope=; abstract=false; lazyInit=false; autowireMode=3; dependencyCheck=0; autowireCandidate=true; primary=false; factoryBeanName=com.alibaba.druid.spring.boot.autoconfigure.DruidDataSourceAutoConfigure; factoryMethodName=dataSource; initMethodName=null; destroyMethodName=(inferred); defined in class path resource [com/alibaba/druid/spring/boot/autoconfigure/DruidDataSourceAutoConfigure.class]]
2018-03-15 10:41:58.884 INFO  [restartedMain] o.s.b.c.e.t.TomcatEmbeddedServletContainer:89 - Tomcat initialized with port(s): 8673 (http)
2018-03-15 10:41:58.884 INFO  [restartedMain] o.a.catalina.core.StandardService:179 - Starting service [Tomcat]
2018-03-15 10:41:58.885 INFO  [restartedMain] o.a.catalina.core.StandardEngine:179 - Starting Servlet Engine: Apache Tomcat/8.5.23
2018-03-15 10:41:58.914 INFO  [localhost-startStop-1] o.a.c.c.C.[Tomcat].[localhost].[/]:179 - Initializing Spring embedded WebApplicationContext
2018-03-15 10:41:58.915 INFO  [localhost-startStop-1] o.s.web.context.ContextLoader:276 - Root WebApplicationContext: initialization completed in 424 ms
2018-03-15 10:41:58.950 INFO  [localhost-startStop-1] o.s.b.w.s.ServletRegistrationBean:190 - Mapping servlet: 'dispatcherServlet' to [/]
2018-03-15 10:41:58.951 INFO  [localhost-startStop-1] o.s.b.w.s.ServletRegistrationBean:190 - Mapping servlet: 'statViewServlet' to [/druid/*]
2018-03-15 10:41:58.953 INFO  [localhost-startStop-1] o.s.b.w.s.FilterRegistrationBean:258 - Mapping filter: 'characterEncodingFilter' to: [/*]
2018-03-15 10:41:58.953 INFO  [localhost-startStop-1] o.s.b.w.s.FilterRegistrationBean:258 - Mapping filter: 'hiddenHttpMethodFilter' to: [/*]
2018-03-15 10:41:58.953 INFO  [localhost-startStop-1] o.s.b.w.s.FilterRegistrationBean:258 - Mapping filter: 'httpPutFormContentFilter' to: [/*]
2018-03-15 10:41:58.953 INFO  [localhost-startStop-1] o.s.b.w.s.FilterRegistrationBean:258 - Mapping filter: 'requestContextFilter' to: [/*]
2018-03-15 10:41:58.953 INFO  [localhost-startStop-1] o.s.b.w.s.FilterRegistrationBean:271 - Mapping filter: 'webStatFilter' to urls: [/*]
2018-03-15 10:41:59.303 INFO  [restartedMain] o.s.w.s.m.m.a.RequestMappingHandlerAdapter:534 - Looking for @ControllerAdvice: org.springframework.boot.context.embedded.AnnotationConfigEmbeddedWebApplicationContext@7c13c3bb: startup date [Thu Mar 15 10:41:58 CST 2018]; root of context hierarchy
2018-03-15 10:41:59.309 INFO  [restartedMain] o.s.w.s.m.m.a.RequestMappingHandlerMapping:543 - Mapped "{[/index]}" onto public java.lang.String org.giveu.springcloud.mjf.provider.controller.UserController.index()
2018-03-15 10:41:59.309 INFO  [restartedMain] o.s.w.s.m.m.a.RequestMappingHandlerMapping:543 - Mapped "{[/hello]}" onto public java.util.List<org.giveu.springcloud.mjf.provider.model.User> org.giveu.springcloud.mjf.provider.controller.UserController.hello()
2018-03-15 10:41:59.310 INFO  [restartedMain] o.s.w.s.m.m.a.RequestMappingHandlerMapping:543 - Mapped "{[/error]}" onto public org.springframework.http.ResponseEntity<java.util.Map<java.lang.String, java.lang.Object>> org.springframework.boot.autoconfigure.web.BasicErrorController.error(javax.servlet.http.HttpServletRequest)
2018-03-15 10:41:59.310 INFO  [restartedMain] o.s.w.s.m.m.a.RequestMappingHandlerMapping:543 - Mapped "{[/error],produces=[text/html]}" onto public org.springframework.web.servlet.ModelAndView org.springframework.boot.autoconfigure.web.BasicErrorController.errorHtml(javax.servlet.http.HttpServletRequest,javax.servlet.http.HttpServletResponse)
2018-03-15 10:41:59.317 INFO  [restartedMain] o.s.w.s.h.SimpleUrlHandlerMapping:362 - Mapped URL path [/webjars/**] onto handler of type [class org.springframework.web.servlet.resource.ResourceHttpRequestHandler]
2018-03-15 10:41:59.317 INFO  [restartedMain] o.s.w.s.h.SimpleUrlHandlerMapping:362 - Mapped URL path [/**] onto handler of type [class org.springframework.web.servlet.resource.ResourceHttpRequestHandler]
2018-03-15 10:41:59.326 INFO  [restartedMain] o.s.w.s.h.SimpleUrlHandlerMapping:362 - Mapped URL path [/**/favicon.ico] onto handler of type [class org.springframework.web.servlet.resource.ResourceHttpRequestHandler]
2018-03-15 10:41:59.500 INFO  [restartedMain] o.s.j.e.a.AnnotationMBeanExporter:431 - Registering beans for JMX exposure on startup
2018-03-15 10:41:59.500 INFO  [restartedMain] o.s.j.e.a.AnnotationMBeanExporter:916 - Bean with name 'dataSource' has been autodetected for JMX exposure
2018-03-15 10:41:59.501 INFO  [restartedMain] o.s.j.e.a.AnnotationMBeanExporter:916 - Bean with name 'statFilter' has been autodetected for JMX exposure
2018-03-15 10:41:59.504 INFO  [restartedMain] o.s.j.e.a.AnnotationMBeanExporter:671 - Located MBean 'dataSource': registering with JMX server as MBean [com.alibaba.druid.spring.boot.autoconfigure:name=dataSource,type=DruidDataSourceWrapper]
2018-03-15 10:41:59.508 INFO  [restartedMain] o.s.j.e.a.AnnotationMBeanExporter:671 - Located MBean 'statFilter': registering with JMX server as MBean [com.alibaba.druid.filter.stat:name=statFilter,type=StatFilter]
2018-03-15 10:41:59.512 INFO  [restartedMain] o.a.coyote.http11.Http11NioProtocol:179 - Initializing ProtocolHandler ["http-nio-8673"]
2018-03-15 10:41:59.514 INFO  [restartedMain] o.a.coyote.http11.Http11NioProtocol:179 - Starting ProtocolHandler ["http-nio-8673"]
2018-03-15 10:41:59.516 INFO  [restartedMain] o.a.tomcat.util.net.NioSelectorPool:179 - Using a shared selector for servlet write/read
2018-03-15 10:41:59.537 INFO  [restartedMain] o.s.b.c.e.t.TomcatEmbeddedServletContainer:201 - Tomcat started on port(s): 8673 (http)
2018-03-15 10:41:59.539 INFO  [restartedMain] o.g.s.m.provider.SpringCloudProvier:57 - Started SpringCloudProvier in 1.103 seconds (JVM running for 154.316)
2018-03-15 10:41:59.539 INFO  [restartedMain] o.g.s.m.provider.SpringCloudProvier:15 - SpringCloudProvier start success
2018-03-15 10:46:13.272 INFO  [http-nio-8673-exec-1] o.a.c.c.C.[Tomcat].[localhost].[/]:179 - Initializing Spring FrameworkServlet 'dispatcherServlet'
2018-03-15 10:46:13.273 INFO  [http-nio-8673-exec-1] o.s.web.servlet.DispatcherServlet:489 - FrameworkServlet 'dispatcherServlet': initialization started
2018-03-15 10:46:13.278 INFO  [http-nio-8673-exec-1] o.s.web.servlet.DispatcherServlet:508 - FrameworkServlet 'dispatcherServlet': initialization completed in 5 ms
2018-03-15 10:48:06.155 INFO  [Thread-14] o.s.b.c.e.AnnotationConfigEmbeddedWebApplicationContext:984 - Closing org.springframework.boot.context.embedded.AnnotationConfigEmbeddedWebApplicationContext@7c13c3bb: startup date [Thu Mar 15 10:41:58 CST 2018]; root of context hierarchy
2018-03-15 10:48:06.156 INFO  [Thread-14] o.s.j.e.a.AnnotationMBeanExporter:449 - Unregistering JMX-exposed beans on shutdown
2018-03-15 10:48:06.166 INFO  [Thread-14] o.s.j.e.a.AnnotationMBeanExporter:241 - Unregistering JMX-exposed beans
2018-03-15 10:48:06.971 INFO  [restartedMain] o.g.s.m.provider.SpringCloudProvier:48 - Starting SpringCloudProvier on PC527707 with PID 14112 (E:\java_code1\spring\spring-cloud-provider\target\classes started by 527707 in E:\java_code1\spring\spring-cloud-provider)
2018-03-15 10:48:06.971 INFO  [restartedMain] o.g.s.m.provider.SpringCloudProvier:593 - No active profile set, falling back to default profiles: default
2018-03-15 10:48:06.973 INFO  [restartedMain] o.s.b.c.e.AnnotationConfigEmbeddedWebApplicationContext:583 - Refreshing org.springframework.boot.context.embedded.AnnotationConfigEmbeddedWebApplicationContext@107e5ccd: startup date [Thu Mar 15 10:48:06 CST 2018]; root of context hierarchy
2018-03-15 10:48:07.257 INFO  [restartedMain] o.s.b.f.s.DefaultListableBeanFactory:828 - Overriding bean definition for bean 'dataSource' with a different definition: replacing [Generic bean: class [org.giveu.springcloud.mjf.provider.config.DataSource]; scope=singleton; abstract=false; lazyInit=false; autowireMode=0; dependencyCheck=0; autowireCandidate=true; primary=false; factoryBeanName=null; factoryMethodName=null; initMethodName=null; destroyMethodName=null; defined in file [E:\java_code1\spring\spring-cloud-provider\target\classes\org\giveu\springcloud\mjf\provider\config\DataSource.class]] with [Root bean: class [null]; scope=; abstract=false; lazyInit=false; autowireMode=3; dependencyCheck=0; autowireCandidate=true; primary=false; factoryBeanName=dataSource; factoryMethodName=dataSource; initMethodName=null; destroyMethodName=(inferred); defined in class path resource [org/giveu/springcloud/mjf/provider/config/DataSource.class]]
2018-03-15 10:48:07.292 INFO  [restartedMain] o.s.b.f.s.DefaultListableBeanFactory:828 - Overriding bean definition for bean 'beetlGroupUtilConfiguration' with a different definition: replacing [Root bean: class [null]; scope=; abstract=false; lazyInit=false; autowireMode=3; dependencyCheck=0; autowireCandidate=true; primary=false; factoryBeanName=beetlConfig; factoryMethodName=beetlGroupUtilConfiguration; initMethodName=init; destroyMethodName=(inferred); defined in class path resource [org/giveu/springcloud/mjf/provider/config/beetl/BeetlConfig.class]] with [Root bean: class [null]; scope=; abstract=false; lazyInit=false; autowireMode=3; dependencyCheck=0; autowireCandidate=true; primary=false; factoryBeanName=cn.yerl.web.spring.beetl.BeetlConfiguration; factoryMethodName=beetlGroupUtilConfiguration; initMethodName=init; destroyMethodName=(inferred); defined in class path resource [cn/yerl/web/spring/beetl/BeetlConfiguration.class]]
2018-03-15 10:48:07.292 INFO  [restartedMain] o.s.b.f.s.DefaultListableBeanFactory:828 - Overriding bean definition for bean 'beetlViewResolver' with a different definition: replacing [Root bean: class [null]; scope=; abstract=false; lazyInit=false; autowireMode=3; dependencyCheck=0; autowireCandidate=true; primary=false; factoryBeanName=beetlConfig; factoryMethodName=beetlViewResolver; initMethodName=null; destroyMethodName=(inferred); defined in class path resource [org/giveu/springcloud/mjf/provider/config/beetl/BeetlConfig.class]] with [Root bean: class [null]; scope=; abstract=false; lazyInit=false; autowireMode=3; dependencyCheck=0; autowireCandidate=true; primary=false; factoryBeanName=cn.yerl.web.spring.beetl.BeetlConfiguration; factoryMethodName=beetlViewResolver; initMethodName=null; destroyMethodName=(inferred); defined in class path resource [cn/yerl/web/spring/beetl/BeetlConfiguration.class]]
2018-03-15 10:48:07.297 INFO  [restartedMain] o.s.b.f.s.DefaultListableBeanFactory:828 - Overriding bean definition for bean 'dataSource' with a different definition: replacing [Root bean: class [null]; scope=; abstract=false; lazyInit=false; autowireMode=3; dependencyCheck=0; autowireCandidate=true; primary=false; factoryBeanName=dataSource; factoryMethodName=dataSource; initMethodName=null; destroyMethodName=(inferred); defined in class path resource [org/giveu/springcloud/mjf/provider/config/DataSource.class]] with [Root bean: class [null]; scope=; abstract=false; lazyInit=false; autowireMode=3; dependencyCheck=0; autowireCandidate=true; primary=false; factoryBeanName=com.alibaba.druid.spring.boot.autoconfigure.DruidDataSourceAutoConfigure; factoryMethodName=dataSource; initMethodName=null; destroyMethodName=(inferred); defined in class path resource [com/alibaba/druid/spring/boot/autoconfigure/DruidDataSourceAutoConfigure.class]]
2018-03-15 10:48:07.399 INFO  [restartedMain] o.s.b.c.e.t.TomcatEmbeddedServletContainer:89 - Tomcat initialized with port(s): 8673 (http)
2018-03-15 10:48:07.400 INFO  [restartedMain] o.a.catalina.core.StandardService:179 - Starting service [Tomcat]
2018-03-15 10:48:07.400 INFO  [restartedMain] o.a.catalina.core.StandardEngine:179 - Starting Servlet Engine: Apache Tomcat/8.5.23
2018-03-15 10:48:07.409 INFO  [localhost-startStop-1] o.a.c.c.C.[Tomcat].[localhost].[/]:179 - Initializing Spring embedded WebApplicationContext
2018-03-15 10:48:07.410 INFO  [localhost-startStop-1] o.s.web.context.ContextLoader:276 - Root WebApplicationContext: initialization completed in 437 ms
2018-03-15 10:48:07.439 INFO  [localhost-startStop-1] o.s.b.w.s.ServletRegistrationBean:190 - Mapping servlet: 'dispatcherServlet' to [/]
2018-03-15 10:48:07.440 INFO  [localhost-startStop-1] o.s.b.w.s.ServletRegistrationBean:190 - Mapping servlet: 'statViewServlet' to [/druid/*]
2018-03-15 10:48:07.440 INFO  [localhost-startStop-1] o.s.b.w.s.FilterRegistrationBean:258 - Mapping filter: 'characterEncodingFilter' to: [/*]
2018-03-15 10:48:07.440 INFO  [localhost-startStop-1] o.s.b.w.s.FilterRegistrationBean:258 - Mapping filter: 'hiddenHttpMethodFilter' to: [/*]
2018-03-15 10:48:07.440 INFO  [localhost-startStop-1] o.s.b.w.s.FilterRegistrationBean:258 - Mapping filter: 'httpPutFormContentFilter' to: [/*]
2018-03-15 10:48:07.440 INFO  [localhost-startStop-1] o.s.b.w.s.FilterRegistrationBean:258 - Mapping filter: 'requestContextFilter' to: [/*]
2018-03-15 10:48:07.440 INFO  [localhost-startStop-1] o.s.b.w.s.FilterRegistrationBean:271 - Mapping filter: 'webStatFilter' to urls: [/*]
2018-03-15 10:48:07.815 INFO  [restartedMain] o.s.w.s.m.m.a.RequestMappingHandlerAdapter:534 - Looking for @ControllerAdvice: org.springframework.boot.context.embedded.AnnotationConfigEmbeddedWebApplicationContext@107e5ccd: startup date [Thu Mar 15 10:48:06 CST 2018]; root of context hierarchy
2018-03-15 10:48:07.820 INFO  [restartedMain] o.s.w.s.m.m.a.RequestMappingHandlerMapping:543 - Mapped "{[/index]}" onto public java.lang.String org.giveu.springcloud.mjf.provider.controller.UserController.index()
2018-03-15 10:48:07.820 INFO  [restartedMain] o.s.w.s.m.m.a.RequestMappingHandlerMapping:543 - Mapped "{[/hello]}" onto public java.util.List<org.giveu.springcloud.mjf.provider.model.User> org.giveu.springcloud.mjf.provider.controller.UserController.hello()
2018-03-15 10:48:07.822 INFO  [restartedMain] o.s.w.s.m.m.a.RequestMappingHandlerMapping:543 - Mapped "{[/error]}" onto public org.springframework.http.ResponseEntity<java.util.Map<java.lang.String, java.lang.Object>> org.springframework.boot.autoconfigure.web.BasicErrorController.error(javax.servlet.http.HttpServletRequest)
2018-03-15 10:48:07.822 INFO  [restartedMain] o.s.w.s.m.m.a.RequestMappingHandlerMapping:543 - Mapped "{[/error],produces=[text/html]}" onto public org.springframework.web.servlet.ModelAndView org.springframework.boot.autoconfigure.web.BasicErrorController.errorHtml(javax.servlet.http.HttpServletRequest,javax.servlet.http.HttpServletResponse)
2018-03-15 10:48:07.830 INFO  [restartedMain] o.s.w.s.h.SimpleUrlHandlerMapping:362 - Mapped URL path [/webjars/**] onto handler of type [class org.springframework.web.servlet.resource.ResourceHttpRequestHandler]
2018-03-15 10:48:07.830 INFO  [restartedMain] o.s.w.s.h.SimpleUrlHandlerMapping:362 - Mapped URL path [/**] onto handler of type [class org.springframework.web.servlet.resource.ResourceHttpRequestHandler]
2018-03-15 10:48:07.839 INFO  [restartedMain] o.s.w.s.h.SimpleUrlHandlerMapping:362 - Mapped URL path [/**/favicon.ico] onto handler of type [class org.springframework.web.servlet.resource.ResourceHttpRequestHandler]
2018-03-15 10:48:08.050 INFO  [restartedMain] o.s.j.e.a.AnnotationMBeanExporter:431 - Registering beans for JMX exposure on startup
2018-03-15 10:48:08.050 INFO  [restartedMain] o.s.j.e.a.AnnotationMBeanExporter:916 - Bean with name 'dataSource' has been autodetected for JMX exposure
2018-03-15 10:48:08.050 INFO  [restartedMain] o.s.j.e.a.AnnotationMBeanExporter:916 - Bean with name 'statFilter' has been autodetected for JMX exposure
2018-03-15 10:48:08.053 INFO  [restartedMain] o.s.j.e.a.AnnotationMBeanExporter:671 - Located MBean 'dataSource': registering with JMX server as MBean [com.alibaba.druid.spring.boot.autoconfigure:name=dataSource,type=DruidDataSourceWrapper]
2018-03-15 10:48:08.055 INFO  [restartedMain] o.s.j.e.a.AnnotationMBeanExporter:671 - Located MBean 'statFilter': registering with JMX server as MBean [com.alibaba.druid.filter.stat:name=statFilter,type=StatFilter]
2018-03-15 10:48:08.058 INFO  [restartedMain] o.a.coyote.http11.Http11NioProtocol:179 - Initializing ProtocolHandler ["http-nio-8673"]
2018-03-15 10:48:08.059 INFO  [restartedMain] o.a.coyote.http11.Http11NioProtocol:179 - Starting ProtocolHandler ["http-nio-8673"]
2018-03-15 10:48:08.060 INFO  [restartedMain] o.a.tomcat.util.net.NioSelectorPool:179 - Using a shared selector for servlet write/read
2018-03-15 10:48:08.255 INFO  [restartedMain] o.s.b.c.e.t.TomcatEmbeddedServletContainer:201 - Tomcat started on port(s): 8673 (http)
2018-03-15 10:48:08.256 INFO  [restartedMain] o.g.s.m.provider.SpringCloudProvier:57 - Started SpringCloudProvier in 1.622 seconds (JVM running for 522.965)
2018-03-15 10:48:08.272 INFO  [restartedMain] o.g.s.m.provider.SpringCloudProvier:15 - SpringCloudProvier start success
2018-03-15 10:48:12.680 INFO  [Thread-20] o.s.b.c.e.AnnotationConfigEmbeddedWebApplicationContext:984 - Closing org.springframework.boot.context.embedded.AnnotationConfigEmbeddedWebApplicationContext@107e5ccd: startup date [Thu Mar 15 10:48:06 CST 2018]; root of context hierarchy
2018-03-15 10:48:12.683 INFO  [Thread-20] o.s.j.e.a.AnnotationMBeanExporter:449 - Unregistering JMX-exposed beans on shutdown
2018-03-15 10:48:12.683 INFO  [Thread-20] o.s.j.e.a.AnnotationMBeanExporter:241 - Unregistering JMX-exposed beans
2018-03-15 10:48:12.993 INFO  [restartedMain] o.g.s.m.provider.SpringCloudProvier:48 - Starting SpringCloudProvier on PC527707 with PID 14112 (E:\java_code1\spring\spring-cloud-provider\target\classes started by 527707 in E:\java_code1\spring\spring-cloud-provider)
2018-03-15 10:48:12.993 INFO  [restartedMain] o.g.s.m.provider.SpringCloudProvier:593 - No active profile set, falling back to default profiles: default
2018-03-15 10:48:12.996 INFO  [restartedMain] o.s.b.c.e.AnnotationConfigEmbeddedWebApplicationContext:583 - Refreshing org.springframework.boot.context.embedded.AnnotationConfigEmbeddedWebApplicationContext@1360394e: startup date [Thu Mar 15 10:48:12 CST 2018]; root of context hierarchy
2018-03-15 10:48:13.211 INFO  [restartedMain] o.s.b.f.s.DefaultListableBeanFactory:828 - Overriding bean definition for bean 'dataSource' with a different definition: replacing [Generic bean: class [org.giveu.springcloud.mjf.provider.config.DataSource]; scope=singleton; abstract=false; lazyInit=false; autowireMode=0; dependencyCheck=0; autowireCandidate=true; primary=false; factoryBeanName=null; factoryMethodName=null; initMethodName=null; destroyMethodName=null; defined in file [E:\java_code1\spring\spring-cloud-provider\target\classes\org\giveu\springcloud\mjf\provider\config\DataSource.class]] with [Root bean: class [null]; scope=; abstract=false; lazyInit=false; autowireMode=3; dependencyCheck=0; autowireCandidate=true; primary=false; factoryBeanName=dataSource; factoryMethodName=dataSource; initMethodName=null; destroyMethodName=(inferred); defined in class path resource [org/giveu/springcloud/mjf/provider/config/DataSource.class]]
2018-03-15 10:48:13.234 INFO  [restartedMain] o.s.b.f.s.DefaultListableBeanFactory:828 - Overriding bean definition for bean 'beetlGroupUtilConfiguration' with a different definition: replacing [Root bean: class [null]; scope=; abstract=false; lazyInit=false; autowireMode=3; dependencyCheck=0; autowireCandidate=true; primary=false; factoryBeanName=beetlConfig; factoryMethodName=beetlGroupUtilConfiguration; initMethodName=init; destroyMethodName=(inferred); defined in class path resource [org/giveu/springcloud/mjf/provider/config/beetl/BeetlConfig.class]] with [Root bean: class [null]; scope=; abstract=false; lazyInit=false; autowireMode=3; dependencyCheck=0; autowireCandidate=true; primary=false; factoryBeanName=cn.yerl.web.spring.beetl.BeetlConfiguration; factoryMethodName=beetlGroupUtilConfiguration; initMethodName=init; destroyMethodName=(inferred); defined in class path resource [cn/yerl/web/spring/beetl/BeetlConfiguration.class]]
2018-03-15 10:48:13.234 INFO  [restartedMain] o.s.b.f.s.DefaultListableBeanFactory:828 - Overriding bean definition for bean 'beetlViewResolver' with a different definition: replacing [Root bean: class [null]; scope=; abstract=false; lazyInit=false; autowireMode=3; dependencyCheck=0; autowireCandidate=true; primary=false; factoryBeanName=beetlConfig; factoryMethodName=beetlViewResolver; initMethodName=null; destroyMethodName=(inferred); defined in class path resource [org/giveu/springcloud/mjf/provider/config/beetl/BeetlConfig.class]] with [Root bean: class [null]; scope=; abstract=false; lazyInit=false; autowireMode=3; dependencyCheck=0; autowireCandidate=true; primary=false; factoryBeanName=cn.yerl.web.spring.beetl.BeetlConfiguration; factoryMethodName=beetlViewResolver; initMethodName=null; destroyMethodName=(inferred); defined in class path resource [cn/yerl/web/spring/beetl/BeetlConfiguration.class]]
2018-03-15 10:48:13.238 INFO  [restartedMain] o.s.b.f.s.DefaultListableBeanFactory:828 - Overriding bean definition for bean 'dataSource' with a different definition: replacing [Root bean: class [null]; scope=; abstract=false; lazyInit=false; autowireMode=3; dependencyCheck=0; autowireCandidate=true; primary=false; factoryBeanName=dataSource; factoryMethodName=dataSource; initMethodName=null; destroyMethodName=(inferred); defined in class path resource [org/giveu/springcloud/mjf/provider/config/DataSource.class]] with [Root bean: class [null]; scope=; abstract=false; lazyInit=false; autowireMode=3; dependencyCheck=0; autowireCandidate=true; primary=false; factoryBeanName=com.alibaba.druid.spring.boot.autoconfigure.DruidDataSourceAutoConfigure; factoryMethodName=dataSource; initMethodName=null; destroyMethodName=(inferred); defined in class path resource [com/alibaba/druid/spring/boot/autoconfigure/DruidDataSourceAutoConfigure.class]]
2018-03-15 10:48:13.317 INFO  [restartedMain] o.s.b.c.e.t.TomcatEmbeddedServletContainer:89 - Tomcat initialized with port(s): 8673 (http)
2018-03-15 10:48:13.317 INFO  [restartedMain] o.a.catalina.core.StandardService:179 - Starting service [Tomcat]
2018-03-15 10:48:13.317 INFO  [restartedMain] o.a.catalina.core.StandardEngine:179 - Starting Servlet Engine: Apache Tomcat/8.5.23
2018-03-15 10:48:13.326 INFO  [localhost-startStop-1] o.a.c.c.C.[Tomcat].[localhost].[/]:179 - Initializing Spring embedded WebApplicationContext
2018-03-15 10:48:13.326 INFO  [localhost-startStop-1] o.s.web.context.ContextLoader:276 - Root WebApplicationContext: initialization completed in 331 ms
2018-03-15 10:48:13.351 INFO  [localhost-startStop-1] o.s.b.w.s.ServletRegistrationBean:190 - Mapping servlet: 'dispatcherServlet' to [/]
2018-03-15 10:48:13.352 INFO  [localhost-startStop-1] o.s.b.w.s.ServletRegistrationBean:190 - Mapping servlet: 'statViewServlet' to [/druid/*]
2018-03-15 10:48:13.352 INFO  [localhost-startStop-1] o.s.b.w.s.FilterRegistrationBean:258 - Mapping filter: 'characterEncodingFilter' to: [/*]
2018-03-15 10:48:13.352 INFO  [localhost-startStop-1] o.s.b.w.s.FilterRegistrationBean:258 - Mapping filter: 'hiddenHttpMethodFilter' to: [/*]
2018-03-15 10:48:13.352 INFO  [localhost-startStop-1] o.s.b.w.s.FilterRegistrationBean:258 - Mapping filter: 'httpPutFormContentFilter' to: [/*]
2018-03-15 10:48:13.352 INFO  [localhost-startStop-1] o.s.b.w.s.FilterRegistrationBean:258 - Mapping filter: 'requestContextFilter' to: [/*]
2018-03-15 10:48:13.352 INFO  [localhost-startStop-1] o.s.b.w.s.FilterRegistrationBean:271 - Mapping filter: 'webStatFilter' to urls: [/*]
2018-03-15 10:48:13.629 INFO  [restartedMain] o.s.w.s.m.m.a.RequestMappingHandlerAdapter:534 - Looking for @ControllerAdvice: org.springframework.boot.context.embedded.AnnotationConfigEmbeddedWebApplicationContext@1360394e: startup date [Thu Mar 15 10:48:12 CST 2018]; root of context hierarchy
2018-03-15 10:48:13.634 INFO  [restartedMain] o.s.w.s.m.m.a.RequestMappingHandlerMapping:543 - Mapped "{[/index]}" onto public java.lang.String org.giveu.springcloud.mjf.provider.controller.UserController.index()
2018-03-15 10:48:13.634 INFO  [restartedMain] o.s.w.s.m.m.a.RequestMappingHandlerMapping:543 - Mapped "{[/hello]}" onto public java.util.List<org.giveu.springcloud.mjf.provider.model.User> org.giveu.springcloud.mjf.provider.controller.UserController.hello()
2018-03-15 10:48:13.635 INFO  [restartedMain] o.s.w.s.m.m.a.RequestMappingHandlerMapping:543 - Mapped "{[/error]}" onto public org.springframework.http.ResponseEntity<java.util.Map<java.lang.String, java.lang.Object>> org.springframework.boot.autoconfigure.web.BasicErrorController.error(javax.servlet.http.HttpServletRequest)
2018-03-15 10:48:13.636 INFO  [restartedMain] o.s.w.s.m.m.a.RequestMappingHandlerMapping:543 - Mapped "{[/error],produces=[text/html]}" onto public org.springframework.web.servlet.ModelAndView org.springframework.boot.autoconfigure.web.BasicErrorController.errorHtml(javax.servlet.http.HttpServletRequest,javax.servlet.http.HttpServletResponse)
2018-03-15 10:48:13.641 INFO  [restartedMain] o.s.w.s.h.SimpleUrlHandlerMapping:362 - Mapped URL path [/webjars/**] onto handler of type [class org.springframework.web.servlet.resource.ResourceHttpRequestHandler]
2018-03-15 10:48:13.641 INFO  [restartedMain] o.s.w.s.h.SimpleUrlHandlerMapping:362 - Mapped URL path [/**] onto handler of type [class org.springframework.web.servlet.resource.ResourceHttpRequestHandler]
2018-03-15 10:48:13.650 INFO  [restartedMain] o.s.w.s.h.SimpleUrlHandlerMapping:362 - Mapped URL path [/**/favicon.ico] onto handler of type [class org.springframework.web.servlet.resource.ResourceHttpRequestHandler]
2018-03-15 10:48:13.860 INFO  [restartedMain] o.s.j.e.a.AnnotationMBeanExporter:431 - Registering beans for JMX exposure on startup
2018-03-15 10:48:13.860 INFO  [restartedMain] o.s.j.e.a.AnnotationMBeanExporter:916 - Bean with name 'dataSource' has been autodetected for JMX exposure
2018-03-15 10:48:13.861 INFO  [restartedMain] o.s.j.e.a.AnnotationMBeanExporter:916 - Bean with name 'statFilter' has been autodetected for JMX exposure
2018-03-15 10:48:13.862 INFO  [restartedMain] o.s.j.e.a.AnnotationMBeanExporter:671 - Located MBean 'dataSource': registering with JMX server as MBean [com.alibaba.druid.spring.boot.autoconfigure:name=dataSource,type=DruidDataSourceWrapper]
2018-03-15 10:48:13.863 INFO  [restartedMain] o.s.j.e.a.AnnotationMBeanExporter:671 - Located MBean 'statFilter': registering with JMX server as MBean [com.alibaba.druid.filter.stat:name=statFilter,type=StatFilter]
2018-03-15 10:48:13.866 INFO  [restartedMain] o.a.coyote.http11.Http11NioProtocol:179 - Initializing ProtocolHandler ["http-nio-8673"]
2018-03-15 10:48:13.867 INFO  [restartedMain] o.a.coyote.http11.Http11NioProtocol:179 - Starting ProtocolHandler ["http-nio-8673"]
2018-03-15 10:48:13.867 INFO  [restartedMain] o.a.tomcat.util.net.NioSelectorPool:179 - Using a shared selector for servlet write/read
2018-03-15 10:48:14.083 INFO  [restartedMain] o.s.b.c.e.t.TomcatEmbeddedServletContainer:201 - Tomcat started on port(s): 8673 (http)
2018-03-15 10:48:14.085 INFO  [restartedMain] o.g.s.m.provider.SpringCloudProvier:57 - Started SpringCloudProvier in 1.127 seconds (JVM running for 528.792)
2018-03-15 10:48:14.085 INFO  [restartedMain] o.g.s.m.provider.SpringCloudProvier:15 - SpringCloudProvier start success
2018-03-15 10:55:46.508 INFO  [restartedMain] o.g.s.m.provider.SpringCloudProvier:48 - Starting SpringCloudProvier on PC527707 with PID 14540 (E:\java_code1\spring\spring-cloud-provider\target\classes started by 527707 in E:\java_code1\spring\spring-cloud-provider)
2018-03-15 10:55:46.509 INFO  [restartedMain] o.g.s.m.provider.SpringCloudProvier:593 - No active profile set, falling back to default profiles: default
2018-03-15 10:55:46.563 INFO  [restartedMain] o.s.b.c.e.AnnotationConfigEmbeddedWebApplicationContext:583 - Refreshing org.springframework.boot.context.embedded.AnnotationConfigEmbeddedWebApplicationContext@427994bb: startup date [Thu Mar 15 10:55:46 CST 2018]; root of context hierarchy
2018-03-15 10:55:46.731 INFO  [background-preinit] o.h.validator.internal.util.Version:30 - HV000001: Hibernate Validator 5.3.6.Final
2018-03-15 10:55:47.185 INFO  [restartedMain] o.s.b.f.s.DefaultListableBeanFactory:828 - Overriding bean definition for bean 'dataSource' with a different definition: replacing [Generic bean: class [org.giveu.springcloud.mjf.provider.config.DataSource]; scope=singleton; abstract=false; lazyInit=false; autowireMode=0; dependencyCheck=0; autowireCandidate=true; primary=false; factoryBeanName=null; factoryMethodName=null; initMethodName=null; destroyMethodName=null; defined in file [E:\java_code1\spring\spring-cloud-provider\target\classes\org\giveu\springcloud\mjf\provider\config\DataSource.class]] with [Root bean: class [null]; scope=; abstract=false; lazyInit=false; autowireMode=3; dependencyCheck=0; autowireCandidate=true; primary=false; factoryBeanName=dataSource; factoryMethodName=dataSource; initMethodName=null; destroyMethodName=(inferred); defined in class path resource [org/giveu/springcloud/mjf/provider/config/DataSource.class]]
2018-03-15 10:55:47.303 INFO  [restartedMain] o.s.b.f.s.DefaultListableBeanFactory:828 - Overriding bean definition for bean 'beetlGroupUtilConfiguration' with a different definition: replacing [Root bean: class [null]; scope=; abstract=false; lazyInit=false; autowireMode=3; dependencyCheck=0; autowireCandidate=true; primary=false; factoryBeanName=beetlConfig; factoryMethodName=beetlGroupUtilConfiguration; initMethodName=init; destroyMethodName=(inferred); defined in class path resource [org/giveu/springcloud/mjf/provider/config/beetl/BeetlConfig.class]] with [Root bean: class [null]; scope=; abstract=false; lazyInit=false; autowireMode=3; dependencyCheck=0; autowireCandidate=true; primary=false; factoryBeanName=cn.yerl.web.spring.beetl.BeetlConfiguration; factoryMethodName=beetlGroupUtilConfiguration; initMethodName=init; destroyMethodName=(inferred); defined in class path resource [cn/yerl/web/spring/beetl/BeetlConfiguration.class]]
2018-03-15 10:55:47.304 INFO  [restartedMain] o.s.b.f.s.DefaultListableBeanFactory:828 - Overriding bean definition for bean 'beetlViewResolver' with a different definition: replacing [Root bean: class [null]; scope=; abstract=false; lazyInit=false; autowireMode=3; dependencyCheck=0; autowireCandidate=true; primary=false; factoryBeanName=beetlConfig; factoryMethodName=beetlViewResolver; initMethodName=null; destroyMethodName=(inferred); defined in class path resource [org/giveu/springcloud/mjf/provider/config/beetl/BeetlConfig.class]] with [Root bean: class [null]; scope=; abstract=false; lazyInit=false; autowireMode=3; dependencyCheck=0; autowireCandidate=true; primary=false; factoryBeanName=cn.yerl.web.spring.beetl.BeetlConfiguration; factoryMethodName=beetlViewResolver; initMethodName=null; destroyMethodName=(inferred); defined in class path resource [cn/yerl/web/spring/beetl/BeetlConfiguration.class]]
2018-03-15 10:55:47.322 INFO  [restartedMain] o.s.b.f.s.DefaultListableBeanFactory:828 - Overriding bean definition for bean 'dataSource' with a different definition: replacing [Root bean: class [null]; scope=; abstract=false; lazyInit=false; autowireMode=3; dependencyCheck=0; autowireCandidate=true; primary=false; factoryBeanName=dataSource; factoryMethodName=dataSource; initMethodName=null; destroyMethodName=(inferred); defined in class path resource [org/giveu/springcloud/mjf/provider/config/DataSource.class]] with [Root bean: class [null]; scope=; abstract=false; lazyInit=false; autowireMode=3; dependencyCheck=0; autowireCandidate=true; primary=false; factoryBeanName=com.alibaba.druid.spring.boot.autoconfigure.DruidDataSourceAutoConfigure; factoryMethodName=dataSource; initMethodName=null; destroyMethodName=(inferred); defined in class path resource [com/alibaba/druid/spring/boot/autoconfigure/DruidDataSourceAutoConfigure.class]]
2018-03-15 10:55:48.130 INFO  [restartedMain] o.s.b.c.e.t.TomcatEmbeddedServletContainer:89 - Tomcat initialized with port(s): 8673 (http)
2018-03-15 10:55:48.144 INFO  [restartedMain] o.a.catalina.core.StandardService:179 - Starting service [Tomcat]
2018-03-15 10:55:48.145 INFO  [restartedMain] o.a.catalina.core.StandardEngine:179 - Starting Servlet Engine: Apache Tomcat/8.5.23
2018-03-15 10:55:48.218 INFO  [localhost-startStop-1] o.a.c.c.C.[Tomcat].[localhost].[/]:179 - Initializing Spring embedded WebApplicationContext
2018-03-15 10:55:48.218 INFO  [localhost-startStop-1] o.s.web.context.ContextLoader:276 - Root WebApplicationContext: initialization completed in 1655 ms
2018-03-15 10:55:48.437 INFO  [localhost-startStop-1] o.s.b.w.s.ServletRegistrationBean:190 - Mapping servlet: 'dispatcherServlet' to [/]
2018-03-15 10:55:48.438 INFO  [localhost-startStop-1] o.s.b.w.s.ServletRegistrationBean:190 - Mapping servlet: 'statViewServlet' to [/druid/*]
2018-03-15 10:55:48.441 INFO  [localhost-startStop-1] o.s.b.w.s.FilterRegistrationBean:258 - Mapping filter: 'characterEncodingFilter' to: [/*]
2018-03-15 10:55:48.442 INFO  [localhost-startStop-1] o.s.b.w.s.FilterRegistrationBean:258 - Mapping filter: 'hiddenHttpMethodFilter' to: [/*]
2018-03-15 10:55:48.442 INFO  [localhost-startStop-1] o.s.b.w.s.FilterRegistrationBean:258 - Mapping filter: 'httpPutFormContentFilter' to: [/*]
2018-03-15 10:55:48.442 INFO  [localhost-startStop-1] o.s.b.w.s.FilterRegistrationBean:258 - Mapping filter: 'requestContextFilter' to: [/*]
2018-03-15 10:55:48.442 INFO  [localhost-startStop-1] o.s.b.w.s.FilterRegistrationBean:271 - Mapping filter: 'webStatFilter' to urls: [/*]
2018-03-15 10:55:49.532 INFO  [restartedMain] o.s.w.s.m.m.a.RequestMappingHandlerAdapter:534 - Looking for @ControllerAdvice: org.springframework.boot.context.embedded.AnnotationConfigEmbeddedWebApplicationContext@427994bb: startup date [Thu Mar 15 10:55:46 CST 2018]; root of context hierarchy
2018-03-15 10:55:49.590 INFO  [restartedMain] o.s.w.s.m.m.a.RequestMappingHandlerMapping:543 - Mapped "{[/index]}" onto public java.lang.String org.giveu.springcloud.mjf.provider.controller.UserController.index()
2018-03-15 10:55:49.591 INFO  [restartedMain] o.s.w.s.m.m.a.RequestMappingHandlerMapping:543 - Mapped "{[/hello]}" onto public java.util.List<org.giveu.springcloud.mjf.provider.model.User> org.giveu.springcloud.mjf.provider.controller.UserController.hello()
2018-03-15 10:55:49.593 INFO  [restartedMain] o.s.w.s.m.m.a.RequestMappingHandlerMapping:543 - Mapped "{[/error]}" onto public org.springframework.http.ResponseEntity<java.util.Map<java.lang.String, java.lang.Object>> org.springframework.boot.autoconfigure.web.BasicErrorController.error(javax.servlet.http.HttpServletRequest)
2018-03-15 10:55:49.594 INFO  [restartedMain] o.s.w.s.m.m.a.RequestMappingHandlerMapping:543 - Mapped "{[/error],produces=[text/html]}" onto public org.springframework.web.servlet.ModelAndView org.springframework.boot.autoconfigure.web.BasicErrorController.errorHtml(javax.servlet.http.HttpServletRequest,javax.servlet.http.HttpServletResponse)
2018-03-15 10:55:49.622 INFO  [restartedMain] o.s.w.s.h.SimpleUrlHandlerMapping:362 - Mapped URL path [/webjars/**] onto handler of type [class org.springframework.web.servlet.resource.ResourceHttpRequestHandler]
2018-03-15 10:55:49.623 INFO  [restartedMain] o.s.w.s.h.SimpleUrlHandlerMapping:362 - Mapped URL path [/**] onto handler of type [class org.springframework.web.servlet.resource.ResourceHttpRequestHandler]
2018-03-15 10:55:49.661 INFO  [restartedMain] o.s.w.s.h.SimpleUrlHandlerMapping:362 - Mapped URL path [/**/favicon.ico] onto handler of type [class org.springframework.web.servlet.resource.ResourceHttpRequestHandler]
2018-03-15 10:55:50.052 INFO  [restartedMain] o.s.j.e.a.AnnotationMBeanExporter:431 - Registering beans for JMX exposure on startup
2018-03-15 10:55:50.054 INFO  [restartedMain] o.s.j.e.a.AnnotationMBeanExporter:916 - Bean with name 'dataSource' has been autodetected for JMX exposure
2018-03-15 10:55:50.054 INFO  [restartedMain] o.s.j.e.a.AnnotationMBeanExporter:916 - Bean with name 'statFilter' has been autodetected for JMX exposure
2018-03-15 10:55:50.058 INFO  [restartedMain] o.s.j.e.a.AnnotationMBeanExporter:671 - Located MBean 'dataSource': registering with JMX server as MBean [com.alibaba.druid.spring.boot.autoconfigure:name=dataSource,type=DruidDataSourceWrapper]
2018-03-15 10:55:50.060 INFO  [restartedMain] o.s.j.e.a.AnnotationMBeanExporter:671 - Located MBean 'statFilter': registering with JMX server as MBean [com.alibaba.druid.filter.stat:name=statFilter,type=StatFilter]
2018-03-15 10:55:50.071 INFO  [restartedMain] o.a.coyote.http11.Http11NioProtocol:179 - Initializing ProtocolHandler ["http-nio-8673"]
2018-03-15 10:55:50.081 INFO  [restartedMain] o.a.coyote.http11.Http11NioProtocol:179 - Starting ProtocolHandler ["http-nio-8673"]
2018-03-15 10:55:50.090 INFO  [restartedMain] o.a.tomcat.util.net.NioSelectorPool:179 - Using a shared selector for servlet write/read
2018-03-15 10:55:50.105 INFO  [restartedMain] o.s.b.c.e.t.TomcatEmbeddedServletContainer:201 - Tomcat started on port(s): 8673 (http)
2018-03-15 10:55:50.109 INFO  [restartedMain] o.g.s.m.provider.SpringCloudProvier:57 - Started SpringCloudProvier in 3.955 seconds (JVM running for 4.338)
2018-03-15 10:55:50.110 INFO  [restartedMain] o.g.s.m.provider.SpringCloudProvier:15 - SpringCloudProvier start success
2018-03-15 10:56:20.115 INFO  [http-nio-8673-exec-1] o.a.c.c.C.[Tomcat].[localhost].[/]:179 - Initializing Spring FrameworkServlet 'dispatcherServlet'
2018-03-15 10:56:20.115 INFO  [http-nio-8673-exec-1] o.s.web.servlet.DispatcherServlet:489 - FrameworkServlet 'dispatcherServlet': initialization started
2018-03-15 10:56:20.135 INFO  [http-nio-8673-exec-1] o.s.web.servlet.DispatcherServlet:508 - FrameworkServlet 'dispatcherServlet': initialization completed in 20 ms
2018-03-15 10:56:23.850 INFO  [http-nio-8673-exec-1] c.alibaba.druid.pool.DruidDataSource:932 - {dataSource-1} inited
2018-03-15 10:56:36.488 INFO  [Thread-1] o.s.b.c.e.AnnotationConfigEmbeddedWebApplicationContext:984 - Closing org.springframework.boot.context.embedded.AnnotationConfigEmbeddedWebApplicationContext@427994bb: startup date [Thu Mar 15 10:55:46 CST 2018]; root of context hierarchy
2018-03-15 10:56:36.495 INFO  [Thread-1] o.s.j.e.a.AnnotationMBeanExporter:449 - Unregistering JMX-exposed beans on shutdown
2018-03-15 10:56:36.495 INFO  [Thread-1] o.s.j.e.a.AnnotationMBeanExporter:241 - Unregistering JMX-exposed beans
2018-03-15 10:56:36.501 INFO  [Thread-1] c.alibaba.druid.pool.DruidDataSource:1712 - {dataSource-1} closed
2018-03-15 10:56:36.828 INFO  [restartedMain] o.g.s.m.provider.SpringCloudProvier:48 - Starting SpringCloudProvier on PC527707 with PID 14540 (E:\java_code1\spring\spring-cloud-provider\target\classes started by 527707 in E:\java_code1\spring\spring-cloud-provider)
2018-03-15 10:56:36.828 INFO  [restartedMain] o.g.s.m.provider.SpringCloudProvier:593 - No active profile set, falling back to default profiles: default
2018-03-15 10:56:36.831 INFO  [restartedMain] o.s.b.c.e.AnnotationConfigEmbeddedWebApplicationContext:583 - Refreshing org.springframework.boot.context.embedded.AnnotationConfigEmbeddedWebApplicationContext@76eb8fbb: startup date [Thu Mar 15 10:56:36 CST 2018]; root of context hierarchy
2018-03-15 10:56:37.125 INFO  [restartedMain] o.s.b.f.s.DefaultListableBeanFactory:828 - Overriding bean definition for bean 'dataSource' with a different definition: replacing [Generic bean: class [org.giveu.springcloud.mjf.provider.config.DataSource]; scope=singleton; abstract=false; lazyInit=false; autowireMode=0; dependencyCheck=0; autowireCandidate=true; primary=false; factoryBeanName=null; factoryMethodName=null; initMethodName=null; destroyMethodName=null; defined in file [E:\java_code1\spring\spring-cloud-provider\target\classes\org\giveu\springcloud\mjf\provider\config\DataSource.class]] with [Root bean: class [null]; scope=; abstract=false; lazyInit=false; autowireMode=3; dependencyCheck=0; autowireCandidate=true; primary=false; factoryBeanName=dataSource; factoryMethodName=dataSource; initMethodName=null; destroyMethodName=(inferred); defined in class path resource [org/giveu/springcloud/mjf/provider/config/DataSource.class]]
2018-03-15 10:56:37.157 INFO  [restartedMain] o.s.b.f.s.DefaultListableBeanFactory:828 - Overriding bean definition for bean 'beetlGroupUtilConfiguration' with a different definition: replacing [Root bean: class [null]; scope=; abstract=false; lazyInit=false; autowireMode=3; dependencyCheck=0; autowireCandidate=true; primary=false; factoryBeanName=beetlConfig; factoryMethodName=beetlGroupUtilConfiguration; initMethodName=init; destroyMethodName=(inferred); defined in class path resource [org/giveu/springcloud/mjf/provider/config/beetl/BeetlConfig.class]] with [Root bean: class [null]; scope=; abstract=false; lazyInit=false; autowireMode=3; dependencyCheck=0; autowireCandidate=true; primary=false; factoryBeanName=cn.yerl.web.spring.beetl.BeetlConfiguration; factoryMethodName=beetlGroupUtilConfiguration; initMethodName=init; destroyMethodName=(inferred); defined in class path resource [cn/yerl/web/spring/beetl/BeetlConfiguration.class]]
2018-03-15 10:56:37.157 INFO  [restartedMain] o.s.b.f.s.DefaultListableBeanFactory:828 - Overriding bean definition for bean 'beetlViewResolver' with a different definition: replacing [Root bean: class [null]; scope=; abstract=false; lazyInit=false; autowireMode=3; dependencyCheck=0; autowireCandidate=true; primary=false; factoryBeanName=beetlConfig; factoryMethodName=beetlViewResolver; initMethodName=null; destroyMethodName=(inferred); defined in class path resource [org/giveu/springcloud/mjf/provider/config/beetl/BeetlConfig.class]] with [Root bean: class [null]; scope=; abstract=false; lazyInit=false; autowireMode=3; dependencyCheck=0; autowireCandidate=true; primary=false; factoryBeanName=cn.yerl.web.spring.beetl.BeetlConfiguration; factoryMethodName=beetlViewResolver; initMethodName=null; destroyMethodName=(inferred); defined in class path resource [cn/yerl/web/spring/beetl/BeetlConfiguration.class]]
2018-03-15 10:56:37.162 INFO  [restartedMain] o.s.b.f.s.DefaultListableBeanFactory:828 - Overriding bean definition for bean 'dataSource' with a different definition: replacing [Root bean: class [null]; scope=; abstract=false; lazyInit=false; autowireMode=3; dependencyCheck=0; autowireCandidate=true; primary=false; factoryBeanName=dataSource; factoryMethodName=dataSource; initMethodName=null; destroyMethodName=(inferred); defined in class path resource [org/giveu/springcloud/mjf/provider/config/DataSource.class]] with [Root bean: class [null]; scope=; abstract=false; lazyInit=false; autowireMode=3; dependencyCheck=0; autowireCandidate=true; primary=false; factoryBeanName=com.alibaba.druid.spring.boot.autoconfigure.DruidDataSourceAutoConfigure; factoryMethodName=dataSource; initMethodName=null; destroyMethodName=(inferred); defined in class path resource [com/alibaba/druid/spring/boot/autoconfigure/DruidDataSourceAutoConfigure.class]]
2018-03-15 10:56:37.271 INFO  [restartedMain] o.s.b.c.e.t.TomcatEmbeddedServletContainer:89 - Tomcat initialized with port(s): 8673 (http)
2018-03-15 10:56:37.272 INFO  [restartedMain] o.a.catalina.core.StandardService:179 - Starting service [Tomcat]
2018-03-15 10:56:37.272 INFO  [restartedMain] o.a.catalina.core.StandardEngine:179 - Starting Servlet Engine: Apache Tomcat/8.5.23
2018-03-15 10:56:37.285 INFO  [localhost-startStop-1] o.a.c.c.C.[Tomcat].[localhost].[/]:179 - Initializing Spring embedded WebApplicationContext
2018-03-15 10:56:37.287 INFO  [localhost-startStop-1] o.s.web.context.ContextLoader:276 - Root WebApplicationContext: initialization completed in 456 ms
2018-03-15 10:56:37.324 INFO  [localhost-startStop-1] o.s.b.w.s.ServletRegistrationBean:190 - Mapping servlet: 'dispatcherServlet' to [/]
2018-03-15 10:56:37.324 INFO  [localhost-startStop-1] o.s.b.w.s.ServletRegistrationBean:190 - Mapping servlet: 'statViewServlet' to [/druid/*]
2018-03-15 10:56:37.325 INFO  [localhost-startStop-1] o.s.b.w.s.FilterRegistrationBean:258 - Mapping filter: 'characterEncodingFilter' to: [/*]
2018-03-15 10:56:37.325 INFO  [localhost-startStop-1] o.s.b.w.s.FilterRegistrationBean:258 - Mapping filter: 'hiddenHttpMethodFilter' to: [/*]
2018-03-15 10:56:37.325 INFO  [localhost-startStop-1] o.s.b.w.s.FilterRegistrationBean:258 - Mapping filter: 'httpPutFormContentFilter' to: [/*]
2018-03-15 10:56:37.325 INFO  [localhost-startStop-1] o.s.b.w.s.FilterRegistrationBean:258 - Mapping filter: 'requestContextFilter' to: [/*]
2018-03-15 10:56:37.325 INFO  [localhost-startStop-1] o.s.b.w.s.FilterRegistrationBean:271 - Mapping filter: 'webStatFilter' to urls: [/*]
2018-03-15 10:56:37.722 INFO  [restartedMain] o.s.w.s.m.m.a.RequestMappingHandlerAdapter:534 - Looking for @ControllerAdvice: org.springframework.boot.context.embedded.AnnotationConfigEmbeddedWebApplicationContext@76eb8fbb: startup date [Thu Mar 15 10:56:36 CST 2018]; root of context hierarchy
2018-03-15 10:56:37.728 INFO  [restartedMain] o.s.w.s.m.m.a.RequestMappingHandlerMapping:543 - Mapped "{[/index]}" onto public java.lang.String org.giveu.springcloud.mjf.provider.controller.UserController.index()
2018-03-15 10:56:37.729 INFO  [restartedMain] o.s.w.s.m.m.a.RequestMappingHandlerMapping:543 - Mapped "{[/hello]}" onto public java.util.List<org.giveu.springcloud.mjf.provider.model.User> org.giveu.springcloud.mjf.provider.controller.UserController.hello()
2018-03-15 10:56:37.731 INFO  [restartedMain] o.s.w.s.m.m.a.RequestMappingHandlerMapping:543 - Mapped "{[/error]}" onto public org.springframework.http.ResponseEntity<java.util.Map<java.lang.String, java.lang.Object>> org.springframework.boot.autoconfigure.web.BasicErrorController.error(javax.servlet.http.HttpServletRequest)
2018-03-15 10:56:37.731 INFO  [restartedMain] o.s.w.s.m.m.a.RequestMappingHandlerMapping:543 - Mapped "{[/error],produces=[text/html]}" onto public org.springframework.web.servlet.ModelAndView org.springframework.boot.autoconfigure.web.BasicErrorController.errorHtml(javax.servlet.http.HttpServletRequest,javax.servlet.http.HttpServletResponse)
2018-03-15 10:56:37.740 INFO  [restartedMain] o.s.w.s.h.SimpleUrlHandlerMapping:362 - Mapped URL path [/webjars/**] onto handler of type [class org.springframework.web.servlet.resource.ResourceHttpRequestHandler]
2018-03-15 10:56:37.740 INFO  [restartedMain] o.s.w.s.h.SimpleUrlHandlerMapping:362 - Mapped URL path [/**] onto handler of type [class org.springframework.web.servlet.resource.ResourceHttpRequestHandler]
2018-03-15 10:56:37.750 INFO  [restartedMain] o.s.w.s.h.SimpleUrlHandlerMapping:362 - Mapped URL path [/**/favicon.ico] onto handler of type [class org.springframework.web.servlet.resource.ResourceHttpRequestHandler]
2018-03-15 10:56:37.962 INFO  [restartedMain] o.s.j.e.a.AnnotationMBeanExporter:431 - Registering beans for JMX exposure on startup
2018-03-15 10:56:37.963 INFO  [restartedMain] o.s.j.e.a.AnnotationMBeanExporter:916 - Bean with name 'dataSource' has been autodetected for JMX exposure
2018-03-15 10:56:37.964 INFO  [restartedMain] o.s.j.e.a.AnnotationMBeanExporter:916 - Bean with name 'statFilter' has been autodetected for JMX exposure
2018-03-15 10:56:37.965 INFO  [restartedMain] o.s.j.e.a.AnnotationMBeanExporter:671 - Located MBean 'dataSource': registering with JMX server as MBean [com.alibaba.druid.spring.boot.autoconfigure:name=dataSource,type=DruidDataSourceWrapper]
2018-03-15 10:56:37.966 INFO  [restartedMain] o.s.j.e.a.AnnotationMBeanExporter:671 - Located MBean 'statFilter': registering with JMX server as MBean [com.alibaba.druid.filter.stat:name=statFilter,type=StatFilter]
2018-03-15 10:56:37.969 INFO  [restartedMain] o.a.coyote.http11.Http11NioProtocol:179 - Initializing ProtocolHandler ["http-nio-8673"]
2018-03-15 10:56:37.970 INFO  [restartedMain] o.a.coyote.http11.Http11NioProtocol:179 - Starting ProtocolHandler ["http-nio-8673"]
2018-03-15 10:56:37.971 INFO  [restartedMain] o.a.tomcat.util.net.NioSelectorPool:179 - Using a shared selector for servlet write/read
2018-03-15 10:56:37.974 INFO  [restartedMain] o.s.b.c.e.t.TomcatEmbeddedServletContainer:201 - Tomcat started on port(s): 8673 (http)
2018-03-15 10:56:37.975 INFO  [restartedMain] o.g.s.m.provider.SpringCloudProvier:57 - Started SpringCloudProvier in 1.193 seconds (JVM running for 52.198)
2018-03-15 10:56:37.975 INFO  [restartedMain] o.g.s.m.provider.SpringCloudProvier:15 - SpringCloudProvier start success
2018-03-15 10:56:44.950 INFO  [http-nio-8673-exec-2] o.a.c.c.C.[Tomcat].[localhost].[/]:179 - Initializing Spring FrameworkServlet 'dispatcherServlet'
2018-03-15 10:56:44.951 INFO  [http-nio-8673-exec-2] o.s.web.servlet.DispatcherServlet:489 - FrameworkServlet 'dispatcherServlet': initialization started
2018-03-15 10:56:44.960 INFO  [http-nio-8673-exec-2] o.s.web.servlet.DispatcherServlet:508 - FrameworkServlet 'dispatcherServlet': initialization completed in 9 ms
2018-03-15 10:57:14.329 INFO  [restartedMain] o.g.s.m.provider.SpringCloudProvier:48 - Starting SpringCloudProvier on PC527707 with PID 15140 (E:\java_code1\spring\spring-cloud-provider\target\classes started by 527707 in E:\java_code1\spring\spring-cloud-provider)
2018-03-15 10:57:14.330 INFO  [restartedMain] o.g.s.m.provider.SpringCloudProvier:593 - No active profile set, falling back to default profiles: default
2018-03-15 10:57:14.385 INFO  [restartedMain] o.s.b.c.e.AnnotationConfigEmbeddedWebApplicationContext:583 - Refreshing org.springframework.boot.context.embedded.AnnotationConfigEmbeddedWebApplicationContext@14643ab8: startup date [Thu Mar 15 10:57:14 CST 2018]; root of context hierarchy
2018-03-15 10:57:14.579 INFO  [background-preinit] o.h.validator.internal.util.Version:30 - HV000001: Hibernate Validator 5.3.6.Final
2018-03-15 10:57:14.990 INFO  [restartedMain] o.s.b.f.s.DefaultListableBeanFactory:828 - Overriding bean definition for bean 'dataSource' with a different definition: replacing [Generic bean: class [org.giveu.springcloud.mjf.provider.config.DataSource]; scope=singleton; abstract=false; lazyInit=false; autowireMode=0; dependencyCheck=0; autowireCandidate=true; primary=false; factoryBeanName=null; factoryMethodName=null; initMethodName=null; destroyMethodName=null; defined in file [E:\java_code1\spring\spring-cloud-provider\target\classes\org\giveu\springcloud\mjf\provider\config\DataSource.class]] with [Root bean: class [null]; scope=; abstract=false; lazyInit=false; autowireMode=3; dependencyCheck=0; autowireCandidate=true; primary=false; factoryBeanName=dataSource; factoryMethodName=dataSource; initMethodName=null; destroyMethodName=(inferred); defined in class path resource [org/giveu/springcloud/mjf/provider/config/DataSource.class]]
2018-03-15 10:57:15.134 INFO  [restartedMain] o.s.b.f.s.DefaultListableBeanFactory:828 - Overriding bean definition for bean 'beetlGroupUtilConfiguration' with a different definition: replacing [Root bean: class [null]; scope=; abstract=false; lazyInit=false; autowireMode=3; dependencyCheck=0; autowireCandidate=true; primary=false; factoryBeanName=beetlConfig; factoryMethodName=beetlGroupUtilConfiguration; initMethodName=init; destroyMethodName=(inferred); defined in class path resource [org/giveu/springcloud/mjf/provider/config/beetl/BeetlConfig.class]] with [Root bean: class [null]; scope=; abstract=false; lazyInit=false; autowireMode=3; dependencyCheck=0; autowireCandidate=true; primary=false; factoryBeanName=cn.yerl.web.spring.beetl.BeetlConfiguration; factoryMethodName=beetlGroupUtilConfiguration; initMethodName=init; destroyMethodName=(inferred); defined in class path resource [cn/yerl/web/spring/beetl/BeetlConfiguration.class]]
2018-03-15 10:57:15.135 INFO  [restartedMain] o.s.b.f.s.DefaultListableBeanFactory:828 - Overriding bean definition for bean 'beetlViewResolver' with a different definition: replacing [Root bean: class [null]; scope=; abstract=false; lazyInit=false; autowireMode=3; dependencyCheck=0; autowireCandidate=true; primary=false; factoryBeanName=beetlConfig; factoryMethodName=beetlViewResolver; initMethodName=null; destroyMethodName=(inferred); defined in class path resource [org/giveu/springcloud/mjf/provider/config/beetl/BeetlConfig.class]] with [Root bean: class [null]; scope=; abstract=false; lazyInit=false; autowireMode=3; dependencyCheck=0; autowireCandidate=true; primary=false; factoryBeanName=cn.yerl.web.spring.beetl.BeetlConfiguration; factoryMethodName=beetlViewResolver; initMethodName=null; destroyMethodName=(inferred); defined in class path resource [cn/yerl/web/spring/beetl/BeetlConfiguration.class]]
2018-03-15 10:57:15.158 INFO  [restartedMain] o.s.b.f.s.DefaultListableBeanFactory:828 - Overriding bean definition for bean 'dataSource' with a different definition: replacing [Root bean: class [null]; scope=; abstract=false; lazyInit=false; autowireMode=3; dependencyCheck=0; autowireCandidate=true; primary=false; factoryBeanName=dataSource; factoryMethodName=dataSource; initMethodName=null; destroyMethodName=(inferred); defined in class path resource [org/giveu/springcloud/mjf/provider/config/DataSource.class]] with [Root bean: class [null]; scope=; abstract=false; lazyInit=false; autowireMode=3; dependencyCheck=0; autowireCandidate=true; primary=false; factoryBeanName=com.alibaba.druid.spring.boot.autoconfigure.DruidDataSourceAutoConfigure; factoryMethodName=dataSource; initMethodName=null; destroyMethodName=(inferred); defined in class path resource [com/alibaba/druid/spring/boot/autoconfigure/DruidDataSourceAutoConfigure.class]]
2018-03-15 10:57:16.033 INFO  [restartedMain] o.s.b.c.e.t.TomcatEmbeddedServletContainer:89 - Tomcat initialized with port(s): 8673 (http)
2018-03-15 10:57:16.045 INFO  [restartedMain] o.a.catalina.core.StandardService:179 - Starting service [Tomcat]
2018-03-15 10:57:16.047 INFO  [restartedMain] o.a.catalina.core.StandardEngine:179 - Starting Servlet Engine: Apache Tomcat/8.5.23
2018-03-15 10:57:16.116 INFO  [localhost-startStop-1] o.a.c.c.C.[Tomcat].[localhost].[/]:179 - Initializing Spring embedded WebApplicationContext
2018-03-15 10:57:16.117 INFO  [localhost-startStop-1] o.s.web.context.ContextLoader:276 - Root WebApplicationContext: initialization completed in 1732 ms
2018-03-15 10:57:16.327 INFO  [localhost-startStop-1] o.s.b.w.s.ServletRegistrationBean:190 - Mapping servlet: 'dispatcherServlet' to [/]
2018-03-15 10:57:16.329 INFO  [localhost-startStop-1] o.s.b.w.s.ServletRegistrationBean:190 - Mapping servlet: 'statViewServlet' to [/druid/*]
2018-03-15 10:57:16.331 INFO  [localhost-startStop-1] o.s.b.w.s.FilterRegistrationBean:258 - Mapping filter: 'characterEncodingFilter' to: [/*]
2018-03-15 10:57:16.332 INFO  [localhost-startStop-1] o.s.b.w.s.FilterRegistrationBean:258 - Mapping filter: 'hiddenHttpMethodFilter' to: [/*]
2018-03-15 10:57:16.332 INFO  [localhost-startStop-1] o.s.b.w.s.FilterRegistrationBean:258 - Mapping filter: 'httpPutFormContentFilter' to: [/*]
2018-03-15 10:57:16.332 INFO  [localhost-startStop-1] o.s.b.w.s.FilterRegistrationBean:258 - Mapping filter: 'requestContextFilter' to: [/*]
2018-03-15 10:57:16.332 INFO  [localhost-startStop-1] o.s.b.w.s.FilterRegistrationBean:271 - Mapping filter: 'webStatFilter' to urls: [/*]
2018-03-15 10:57:17.351 INFO  [restartedMain] o.s.w.s.m.m.a.RequestMappingHandlerAdapter:534 - Looking for @ControllerAdvice: org.springframework.boot.context.embedded.AnnotationConfigEmbeddedWebApplicationContext@14643ab8: startup date [Thu Mar 15 10:57:14 CST 2018]; root of context hierarchy
2018-03-15 10:57:17.408 INFO  [restartedMain] o.s.w.s.m.m.a.RequestMappingHandlerMapping:543 - Mapped "{[/index]}" onto public java.lang.String org.giveu.springcloud.mjf.provider.controller.UserController.index()
2018-03-15 10:57:17.409 INFO  [restartedMain] o.s.w.s.m.m.a.RequestMappingHandlerMapping:543 - Mapped "{[/hello]}" onto public java.util.List<org.giveu.springcloud.mjf.provider.model.User> org.giveu.springcloud.mjf.provider.controller.UserController.hello()
2018-03-15 10:57:17.412 INFO  [restartedMain] o.s.w.s.m.m.a.RequestMappingHandlerMapping:543 - Mapped "{[/error]}" onto public org.springframework.http.ResponseEntity<java.util.Map<java.lang.String, java.lang.Object>> org.springframework.boot.autoconfigure.web.BasicErrorController.error(javax.servlet.http.HttpServletRequest)
2018-03-15 10:57:17.412 INFO  [restartedMain] o.s.w.s.m.m.a.RequestMappingHandlerMapping:543 - Mapped "{[/error],produces=[text/html]}" onto public org.springframework.web.servlet.ModelAndView org.springframework.boot.autoconfigure.web.BasicErrorController.errorHtml(javax.servlet.http.HttpServletRequest,javax.servlet.http.HttpServletResponse)
2018-03-15 10:57:17.442 INFO  [restartedMain] o.s.w.s.h.SimpleUrlHandlerMapping:362 - Mapped URL path [/webjars/**] onto handler of type [class org.springframework.web.servlet.resource.ResourceHttpRequestHandler]
2018-03-15 10:57:17.442 INFO  [restartedMain] o.s.w.s.h.SimpleUrlHandlerMapping:362 - Mapped URL path [/**] onto handler of type [class org.springframework.web.servlet.resource.ResourceHttpRequestHandler]
2018-03-15 10:57:17.481 INFO  [restartedMain] o.s.w.s.h.SimpleUrlHandlerMapping:362 - Mapped URL path [/**/favicon.ico] onto handler of type [class org.springframework.web.servlet.resource.ResourceHttpRequestHandler]
2018-03-15 10:57:17.871 INFO  [restartedMain] o.s.j.e.a.AnnotationMBeanExporter:431 - Registering beans for JMX exposure on startup
2018-03-15 10:57:17.872 INFO  [restartedMain] o.s.j.e.a.AnnotationMBeanExporter:916 - Bean with name 'dataSource' has been autodetected for JMX exposure
2018-03-15 10:57:17.873 INFO  [restartedMain] o.s.j.e.a.AnnotationMBeanExporter:916 - Bean with name 'statFilter' has been autodetected for JMX exposure
2018-03-15 10:57:17.877 INFO  [restartedMain] o.s.j.e.a.AnnotationMBeanExporter:671 - Located MBean 'dataSource': registering with JMX server as MBean [com.alibaba.druid.spring.boot.autoconfigure:name=dataSource,type=DruidDataSourceWrapper]
2018-03-15 10:57:17.878 INFO  [restartedMain] o.s.j.e.a.AnnotationMBeanExporter:671 - Located MBean 'statFilter': registering with JMX server as MBean [com.alibaba.druid.filter.stat:name=statFilter,type=StatFilter]
2018-03-15 10:57:17.890 INFO  [restartedMain] o.a.coyote.http11.Http11NioProtocol:179 - Initializing ProtocolHandler ["http-nio-8673"]
2018-03-15 10:57:17.900 INFO  [restartedMain] o.a.coyote.http11.Http11NioProtocol:179 - Starting ProtocolHandler ["http-nio-8673"]
2018-03-15 10:57:17.908 INFO  [restartedMain] o.a.tomcat.util.net.NioSelectorPool:179 - Using a shared selector for servlet write/read
2018-03-15 10:57:17.926 INFO  [restartedMain] o.s.b.c.e.t.TomcatEmbeddedServletContainer:201 - Tomcat started on port(s): 8673 (http)
2018-03-15 10:57:17.931 INFO  [restartedMain] o.g.s.m.provider.SpringCloudProvier:57 - Started SpringCloudProvier in 3.944 seconds (JVM running for 4.304)
2018-03-15 10:57:17.931 INFO  [restartedMain] o.g.s.m.provider.SpringCloudProvier:15 - SpringCloudProvier start success
2018-03-15 10:57:25.637 INFO  [http-nio-8673-exec-3] o.a.c.c.C.[Tomcat].[localhost].[/]:179 - Initializing Spring FrameworkServlet 'dispatcherServlet'
2018-03-15 10:57:25.637 INFO  [http-nio-8673-exec-3] o.s.web.servlet.DispatcherServlet:489 - FrameworkServlet 'dispatcherServlet': initialization started
2018-03-15 10:57:25.657 INFO  [http-nio-8673-exec-3] o.s.web.servlet.DispatcherServlet:508 - FrameworkServlet 'dispatcherServlet': initialization completed in 20 ms
