2018-03-16 14:23:41.081 INFO  [restartedMain] o.g.s.m.provider.SpringCloudProvier:48 - Starting SpringCloudProvier on PC527707 with PID 3656 (E:\java_code1\spring\spring-cloud-provider\target\classes started by 527707 in E:\java_code1\spring\spring-cloud-provider)
2018-03-16 14:23:41.103 INFO  [restartedMain] o.g.s.m.provider.SpringCloudProvier:593 - No active profile set, falling back to default profiles: default
2018-03-16 14:23:41.165 INFO  [restartedMain] o.s.b.c.e.AnnotationConfigEmbeddedWebApplicationContext:583 - Refreshing org.springframework.boot.context.embedded.AnnotationConfigEmbeddedWebApplicationContext@3b58f795: startup date [Fri Mar 16 14:23:41 CST 2018]; root of context hierarchy
2018-03-16 14:23:41.409 INFO  [background-preinit] o.h.validator.internal.util.Version:30 - HV000001: Hibernate Validator 5.3.6.Final
2018-03-16 14:23:41.945 INFO  [restartedMain] o.s.b.f.s.DefaultListableBeanFactory:828 - Overriding bean definition for bean 'dataSource' with a different definition: replacing [Generic bean: class [org.giveu.springcloud.mjf.provider.config.DataSource]; scope=singleton; abstract=false; lazyInit=false; autowireMode=0; dependencyCheck=0; autowireCandidate=true; primary=false; factoryBeanName=null; factoryMethodName=null; initMethodName=null; destroyMethodName=null; defined in file [E:\java_code1\spring\spring-cloud-provider\target\classes\org\giveu\springcloud\mjf\provider\config\DataSource.class]] with [Root bean: class [null]; scope=; abstract=false; lazyInit=false; autowireMode=3; dependencyCheck=0; autowireCandidate=true; primary=false; factoryBeanName=dataSource; factoryMethodName=dataSource; initMethodName=null; destroyMethodName=(inferred); defined in class path resource [org/giveu/springcloud/mjf/provider/config/DataSource.class]]
2018-03-16 14:23:42.111 INFO  [restartedMain] o.s.b.f.s.DefaultListableBeanFactory:828 - Overriding bean definition for bean 'beetlGroupUtilConfiguration' with a different definition: replacing [Root bean: class [null]; scope=; abstract=false; lazyInit=false; autowireMode=3; dependencyCheck=0; autowireCandidate=true; primary=false; factoryBeanName=beetlConfig; factoryMethodName=beetlGroupUtilConfiguration; initMethodName=init; destroyMethodName=(inferred); defined in class path resource [org/giveu/springcloud/mjf/provider/config/beetl/BeetlConfig.class]] with [Root bean: class [null]; scope=; abstract=false; lazyInit=false; autowireMode=3; dependencyCheck=0; autowireCandidate=true; primary=false; factoryBeanName=cn.yerl.web.spring.beetl.BeetlConfiguration; factoryMethodName=beetlGroupUtilConfiguration; initMethodName=init; destroyMethodName=(inferred); defined in class path resource [cn/yerl/web/spring/beetl/BeetlConfiguration.class]]
2018-03-16 14:23:42.112 INFO  [restartedMain] o.s.b.f.s.DefaultListableBeanFactory:828 - Overriding bean definition for bean 'beetlViewResolver' with a different definition: replacing [Root bean: class [null]; scope=; abstract=false; lazyInit=false; autowireMode=3; dependencyCheck=0; autowireCandidate=true; primary=false; factoryBeanName=beetlConfig; factoryMethodName=beetlViewResolver; initMethodName=null; destroyMethodName=(inferred); defined in class path resource [org/giveu/springcloud/mjf/provider/config/beetl/BeetlConfig.class]] with [Root bean: class [null]; scope=; abstract=false; lazyInit=false; autowireMode=3; dependencyCheck=0; autowireCandidate=true; primary=false; factoryBeanName=cn.yerl.web.spring.beetl.BeetlConfiguration; factoryMethodName=beetlViewResolver; initMethodName=null; destroyMethodName=(inferred); defined in class path resource [cn/yerl/web/spring/beetl/BeetlConfiguration.class]]
2018-03-16 14:23:42.148 INFO  [restartedMain] o.s.b.f.s.DefaultListableBeanFactory:828 - Overriding bean definition for bean 'dataSource' with a different definition: replacing [Root bean: class [null]; scope=; abstract=false; lazyInit=false; autowireMode=3; dependencyCheck=0; autowireCandidate=true; primary=false; factoryBeanName=dataSource; factoryMethodName=dataSource; initMethodName=null; destroyMethodName=(inferred); defined in class path resource [org/giveu/springcloud/mjf/provider/config/DataSource.class]] with [Root bean: class [null]; scope=; abstract=false; lazyInit=false; autowireMode=3; dependencyCheck=0; autowireCandidate=true; primary=false; factoryBeanName=com.alibaba.druid.spring.boot.autoconfigure.DruidDataSourceAutoConfigure; factoryMethodName=dataSource; initMethodName=null; destroyMethodName=(inferred); defined in class path resource [com/alibaba/druid/spring/boot/autoconfigure/DruidDataSourceAutoConfigure.class]]
2018-03-16 14:23:43.103 INFO  [restartedMain] o.s.b.c.e.t.TomcatEmbeddedServletContainer:89 - Tomcat initialized with port(s): 8673 (http)
2018-03-16 14:23:43.116 INFO  [restartedMain] o.a.catalina.core.StandardService:179 - Starting service [Tomcat]
2018-03-16 14:23:43.117 INFO  [restartedMain] o.a.catalina.core.StandardEngine:179 - Starting Servlet Engine: Apache Tomcat/8.5.23
2018-03-16 14:23:43.199 INFO  [localhost-startStop-1] o.a.c.c.C.[Tomcat].[localhost].[/]:179 - Initializing Spring embedded WebApplicationContext
2018-03-16 14:23:43.200 INFO  [localhost-startStop-1] o.s.web.context.ContextLoader:276 - Root WebApplicationContext: initialization completed in 2036 ms
2018-03-16 14:23:43.412 INFO  [localhost-startStop-1] o.s.b.w.s.ServletRegistrationBean:190 - Mapping servlet: 'dispatcherServlet' to [/]
2018-03-16 14:23:43.413 INFO  [localhost-startStop-1] o.s.b.w.s.ServletRegistrationBean:190 - Mapping servlet: 'statViewServlet' to [/druid/*]
2018-03-16 14:23:43.416 INFO  [localhost-startStop-1] o.s.b.w.s.FilterRegistrationBean:258 - Mapping filter: 'characterEncodingFilter' to: [/*]
2018-03-16 14:23:43.417 INFO  [localhost-startStop-1] o.s.b.w.s.FilterRegistrationBean:258 - Mapping filter: 'hiddenHttpMethodFilter' to: [/*]
2018-03-16 14:23:43.417 INFO  [localhost-startStop-1] o.s.b.w.s.FilterRegistrationBean:258 - Mapping filter: 'httpPutFormContentFilter' to: [/*]
2018-03-16 14:23:43.417 INFO  [localhost-startStop-1] o.s.b.w.s.FilterRegistrationBean:258 - Mapping filter: 'requestContextFilter' to: [/*]
2018-03-16 14:23:43.417 INFO  [localhost-startStop-1] o.s.b.w.s.FilterRegistrationBean:271 - Mapping filter: 'webStatFilter' to urls: [/*]
2018-03-16 14:23:44.033 WARN  [restartedMain] DBKeywordsProcessor:51 - If you want to support the keyword query, must have database_keywords.dic. null
2018-03-16 14:23:44.135 WARN  [restartedMain] o.b.e.spring.BeetlSpringViewResolver:199 - Beetl不建议使用使用spring前缀，会导致include,layout找不到对应的模板，请使用beetl的配置RESOURCE.ROOT来配置模板根目录
2018-03-16 14:23:44.607 INFO  [restartedMain] o.s.w.s.m.m.a.RequestMappingHandlerAdapter:534 - Looking for @ControllerAdvice: org.springframework.boot.context.embedded.AnnotationConfigEmbeddedWebApplicationContext@3b58f795: startup date [Fri Mar 16 14:23:41 CST 2018]; root of context hierarchy
2018-03-16 14:23:44.678 INFO  [restartedMain] o.s.w.s.m.m.a.RequestMappingHandlerMapping:543 - Mapped "{[/index]}" onto public java.lang.String org.giveu.springcloud.mjf.provider.controller.UserController.index()
2018-03-16 14:23:44.679 INFO  [restartedMain] o.s.w.s.m.m.a.RequestMappingHandlerMapping:543 - Mapped "{[/hello]}" onto public java.util.List<org.giveu.springcloud.mjf.provider.model.User> org.giveu.springcloud.mjf.provider.controller.UserController.hello()
2018-03-16 14:23:44.682 INFO  [restartedMain] o.s.w.s.m.m.a.RequestMappingHandlerMapping:543 - Mapped "{[/error]}" onto public org.springframework.http.ResponseEntity<java.util.Map<java.lang.String, java.lang.Object>> org.springframework.boot.autoconfigure.web.BasicErrorController.error(javax.servlet.http.HttpServletRequest)
2018-03-16 14:23:44.682 INFO  [restartedMain] o.s.w.s.m.m.a.RequestMappingHandlerMapping:543 - Mapped "{[/error],produces=[text/html]}" onto public org.springframework.web.servlet.ModelAndView org.springframework.boot.autoconfigure.web.BasicErrorController.errorHtml(javax.servlet.http.HttpServletRequest,javax.servlet.http.HttpServletResponse)
2018-03-16 14:23:44.712 INFO  [restartedMain] o.s.w.s.h.SimpleUrlHandlerMapping:362 - Mapped URL path [/webjars/**] onto handler of type [class org.springframework.web.servlet.resource.ResourceHttpRequestHandler]
2018-03-16 14:23:44.712 INFO  [restartedMain] o.s.w.s.h.SimpleUrlHandlerMapping:362 - Mapped URL path [/**] onto handler of type [class org.springframework.web.servlet.resource.ResourceHttpRequestHandler]
2018-03-16 14:23:44.751 INFO  [restartedMain] o.s.w.s.h.SimpleUrlHandlerMapping:362 - Mapped URL path [/**/favicon.ico] onto handler of type [class org.springframework.web.servlet.resource.ResourceHttpRequestHandler]
2018-03-16 14:23:44.989 WARN  [restartedMain] o.s.b.d.a.OptionalLiveReloadServer:62 - Unable to start LiveReload server
2018-03-16 14:23:45.167 INFO  [restartedMain] o.s.j.e.a.AnnotationMBeanExporter:431 - Registering beans for JMX exposure on startup
2018-03-16 14:23:45.168 INFO  [restartedMain] o.s.j.e.a.AnnotationMBeanExporter:916 - Bean with name 'dataSource' has been autodetected for JMX exposure
2018-03-16 14:23:45.169 INFO  [restartedMain] o.s.j.e.a.AnnotationMBeanExporter:916 - Bean with name 'statFilter' has been autodetected for JMX exposure
2018-03-16 14:23:45.173 INFO  [restartedMain] o.s.j.e.a.AnnotationMBeanExporter:671 - Located MBean 'dataSource': registering with JMX server as MBean [com.alibaba.druid.spring.boot.autoconfigure:name=dataSource,type=DruidDataSourceWrapper]
2018-03-16 14:23:45.174 INFO  [restartedMain] o.s.j.e.a.AnnotationMBeanExporter:671 - Located MBean 'statFilter': registering with JMX server as MBean [com.alibaba.druid.filter.stat:name=statFilter,type=StatFilter]
2018-03-16 14:23:45.188 INFO  [restartedMain] o.a.coyote.http11.Http11NioProtocol:179 - Initializing ProtocolHandler ["http-nio-8673"]
2018-03-16 14:23:45.199 INFO  [restartedMain] o.a.coyote.http11.Http11NioProtocol:179 - Starting ProtocolHandler ["http-nio-8673"]
2018-03-16 14:23:45.207 INFO  [restartedMain] o.a.tomcat.util.net.NioSelectorPool:179 - Using a shared selector for servlet write/read
2018-03-16 14:23:45.234 INFO  [restartedMain] o.s.b.c.e.t.TomcatEmbeddedServletContainer:201 - Tomcat started on port(s): 8673 (http)
2018-03-16 14:23:45.238 INFO  [restartedMain] o.g.s.m.provider.SpringCloudProvier:57 - Started SpringCloudProvier in 4.631 seconds (JVM running for 5.188)
2018-03-16 14:23:45.238 INFO  [restartedMain] o.g.s.m.provider.SpringCloudProvier:15 - SpringCloudProvier start success
2018-03-16 14:24:11.786 INFO  [http-nio-8673-exec-1] o.a.c.c.C.[Tomcat].[localhost].[/]:179 - Initializing Spring FrameworkServlet 'dispatcherServlet'
2018-03-16 14:24:11.787 INFO  [http-nio-8673-exec-1] o.s.web.servlet.DispatcherServlet:489 - FrameworkServlet 'dispatcherServlet': initialization started
2018-03-16 14:24:11.823 INFO  [http-nio-8673-exec-1] o.s.web.servlet.DispatcherServlet:508 - FrameworkServlet 'dispatcherServlet': initialization completed in 36 ms
2018-03-16 14:24:15.199 INFO  [http-nio-8673-exec-1] c.alibaba.druid.pool.DruidDataSource:932 - {dataSource-1} inited
2018-03-16 14:24:15.407 DEBUG [http-nio-8673-exec-1] o.g.s.m.p.m.UserMapper.findUsers:159 - ==>  Preparing: select * from user; 
2018-03-16 14:24:15.430 DEBUG [http-nio-8673-exec-1] o.g.s.m.p.m.UserMapper.findUsers:159 - ==> Parameters: 
2018-03-16 14:24:15.452 DEBUG [http-nio-8673-exec-1] o.g.s.m.p.m.UserMapper.findUsers:159 - <==      Total: 4
2018-03-16 14:24:44.648 INFO  [Thread-1] o.s.b.c.e.AnnotationConfigEmbeddedWebApplicationContext:984 - Closing org.springframework.boot.context.embedded.AnnotationConfigEmbeddedWebApplicationContext@3b58f795: startup date [Fri Mar 16 14:23:41 CST 2018]; root of context hierarchy
2018-03-16 14:24:44.653 INFO  [Thread-1] o.s.j.e.a.AnnotationMBeanExporter:449 - Unregistering JMX-exposed beans on shutdown
2018-03-16 14:24:44.653 INFO  [Thread-1] o.s.j.e.a.AnnotationMBeanExporter:241 - Unregistering JMX-exposed beans
2018-03-16 14:24:44.661 INFO  [Thread-1] c.alibaba.druid.pool.DruidDataSource:1712 - {dataSource-1} closed
2018-03-16 14:24:44.977 INFO  [restartedMain] o.g.s.m.provider.SpringCloudProvier:48 - Starting SpringCloudProvier on PC527707 with PID 3656 (E:\java_code1\spring\spring-cloud-provider\target\classes started by 527707 in E:\java_code1\spring\spring-cloud-provider)
2018-03-16 14:24:44.978 INFO  [restartedMain] o.g.s.m.provider.SpringCloudProvier:593 - No active profile set, falling back to default profiles: default
2018-03-16 14:24:44.982 INFO  [restartedMain] o.s.b.c.e.AnnotationConfigEmbeddedWebApplicationContext:583 - Refreshing org.springframework.boot.context.embedded.AnnotationConfigEmbeddedWebApplicationContext@6343f2b3: startup date [Fri Mar 16 14:24:44 CST 2018]; root of context hierarchy
2018-03-16 14:24:45.433 INFO  [restartedMain] o.s.b.f.s.DefaultListableBeanFactory:828 - Overriding bean definition for bean 'dataSource' with a different definition: replacing [Generic bean: class [org.giveu.springcloud.mjf.provider.config.DataSource]; scope=singleton; abstract=false; lazyInit=false; autowireMode=0; dependencyCheck=0; autowireCandidate=true; primary=false; factoryBeanName=null; factoryMethodName=null; initMethodName=null; destroyMethodName=null; defined in file [E:\java_code1\spring\spring-cloud-provider\target\classes\org\giveu\springcloud\mjf\provider\config\DataSource.class]] with [Root bean: class [null]; scope=; abstract=false; lazyInit=false; autowireMode=3; dependencyCheck=0; autowireCandidate=true; primary=false; factoryBeanName=dataSource; factoryMethodName=dataSource; initMethodName=null; destroyMethodName=(inferred); defined in class path resource [org/giveu/springcloud/mjf/provider/config/DataSource.class]]
2018-03-16 14:24:45.494 INFO  [restartedMain] o.s.b.f.s.DefaultListableBeanFactory:828 - Overriding bean definition for bean 'beetlGroupUtilConfiguration' with a different definition: replacing [Root bean: class [null]; scope=; abstract=false; lazyInit=false; autowireMode=3; dependencyCheck=0; autowireCandidate=true; primary=false; factoryBeanName=beetlConfig; factoryMethodName=beetlGroupUtilConfiguration; initMethodName=init; destroyMethodName=(inferred); defined in class path resource [org/giveu/springcloud/mjf/provider/config/beetl/BeetlConfig.class]] with [Root bean: class [null]; scope=; abstract=false; lazyInit=false; autowireMode=3; dependencyCheck=0; autowireCandidate=true; primary=false; factoryBeanName=cn.yerl.web.spring.beetl.BeetlConfiguration; factoryMethodName=beetlGroupUtilConfiguration; initMethodName=init; destroyMethodName=(inferred); defined in class path resource [cn/yerl/web/spring/beetl/BeetlConfiguration.class]]
2018-03-16 14:24:45.494 INFO  [restartedMain] o.s.b.f.s.DefaultListableBeanFactory:828 - Overriding bean definition for bean 'beetlViewResolver' with a different definition: replacing [Root bean: class [null]; scope=; abstract=false; lazyInit=false; autowireMode=3; dependencyCheck=0; autowireCandidate=true; primary=false; factoryBeanName=beetlConfig; factoryMethodName=beetlViewResolver; initMethodName=null; destroyMethodName=(inferred); defined in class path resource [org/giveu/springcloud/mjf/provider/config/beetl/BeetlConfig.class]] with [Root bean: class [null]; scope=; abstract=false; lazyInit=false; autowireMode=3; dependencyCheck=0; autowireCandidate=true; primary=false; factoryBeanName=cn.yerl.web.spring.beetl.BeetlConfiguration; factoryMethodName=beetlViewResolver; initMethodName=null; destroyMethodName=(inferred); defined in class path resource [cn/yerl/web/spring/beetl/BeetlConfiguration.class]]
2018-03-16 14:24:45.500 INFO  [restartedMain] o.s.b.f.s.DefaultListableBeanFactory:828 - Overriding bean definition for bean 'dataSource' with a different definition: replacing [Root bean: class [null]; scope=; abstract=false; lazyInit=false; autowireMode=3; dependencyCheck=0; autowireCandidate=true; primary=false; factoryBeanName=dataSource; factoryMethodName=dataSource; initMethodName=null; destroyMethodName=(inferred); defined in class path resource [org/giveu/springcloud/mjf/provider/config/DataSource.class]] with [Root bean: class [null]; scope=; abstract=false; lazyInit=false; autowireMode=3; dependencyCheck=0; autowireCandidate=true; primary=false; factoryBeanName=com.alibaba.druid.spring.boot.autoconfigure.DruidDataSourceAutoConfigure; factoryMethodName=dataSource; initMethodName=null; destroyMethodName=(inferred); defined in class path resource [com/alibaba/druid/spring/boot/autoconfigure/DruidDataSourceAutoConfigure.class]]
2018-03-16 14:24:45.621 INFO  [restartedMain] o.s.b.c.e.t.TomcatEmbeddedServletContainer:89 - Tomcat initialized with port(s): 8673 (http)
2018-03-16 14:24:45.621 INFO  [restartedMain] o.a.catalina.core.StandardService:179 - Starting service [Tomcat]
2018-03-16 14:24:45.621 INFO  [restartedMain] o.a.catalina.core.StandardEngine:179 - Starting Servlet Engine: Apache Tomcat/8.5.23
2018-03-16 14:24:45.630 INFO  [localhost-startStop-1] o.a.c.c.C.[Tomcat].[localhost].[/]:179 - Initializing Spring embedded WebApplicationContext
2018-03-16 14:24:45.635 INFO  [localhost-startStop-1] o.s.web.context.ContextLoader:276 - Root WebApplicationContext: initialization completed in 653 ms
2018-03-16 14:24:45.668 INFO  [localhost-startStop-1] o.s.b.w.s.ServletRegistrationBean:190 - Mapping servlet: 'dispatcherServlet' to [/]
2018-03-16 14:24:45.669 INFO  [localhost-startStop-1] o.s.b.w.s.ServletRegistrationBean:190 - Mapping servlet: 'statViewServlet' to [/druid/*]
2018-03-16 14:24:45.669 INFO  [localhost-startStop-1] o.s.b.w.s.FilterRegistrationBean:258 - Mapping filter: 'characterEncodingFilter' to: [/*]
2018-03-16 14:24:45.669 INFO  [localhost-startStop-1] o.s.b.w.s.FilterRegistrationBean:258 - Mapping filter: 'hiddenHttpMethodFilter' to: [/*]
2018-03-16 14:24:45.669 INFO  [localhost-startStop-1] o.s.b.w.s.FilterRegistrationBean:258 - Mapping filter: 'httpPutFormContentFilter' to: [/*]
2018-03-16 14:24:45.669 INFO  [localhost-startStop-1] o.s.b.w.s.FilterRegistrationBean:258 - Mapping filter: 'requestContextFilter' to: [/*]
2018-03-16 14:24:45.669 INFO  [localhost-startStop-1] o.s.b.w.s.FilterRegistrationBean:271 - Mapping filter: 'webStatFilter' to urls: [/*]
2018-03-16 14:24:46.048 WARN  [restartedMain] o.b.e.spring.BeetlSpringViewResolver:199 - Beetl不建议使用使用spring前缀，会导致include,layout找不到对应的模板，请使用beetl的配置RESOURCE.ROOT来配置模板根目录
2018-03-16 14:24:46.115 INFO  [restartedMain] o.s.w.s.m.m.a.RequestMappingHandlerAdapter:534 - Looking for @ControllerAdvice: org.springframework.boot.context.embedded.AnnotationConfigEmbeddedWebApplicationContext@6343f2b3: startup date [Fri Mar 16 14:24:44 CST 2018]; root of context hierarchy
2018-03-16 14:24:46.121 INFO  [restartedMain] o.s.w.s.m.m.a.RequestMappingHandlerMapping:543 - Mapped "{[/index]}" onto public java.lang.String org.giveu.springcloud.mjf.provider.controller.UserController.index()
2018-03-16 14:24:46.121 INFO  [restartedMain] o.s.w.s.m.m.a.RequestMappingHandlerMapping:543 - Mapped "{[/hello]}" onto public java.util.List<org.giveu.springcloud.mjf.provider.model.User> org.giveu.springcloud.mjf.provider.controller.UserController.hello()
2018-03-16 14:24:46.123 INFO  [restartedMain] o.s.w.s.m.m.a.RequestMappingHandlerMapping:543 - Mapped "{[/error]}" onto public org.springframework.http.ResponseEntity<java.util.Map<java.lang.String, java.lang.Object>> org.springframework.boot.autoconfigure.web.BasicErrorController.error(javax.servlet.http.HttpServletRequest)
2018-03-16 14:24:46.123 INFO  [restartedMain] o.s.w.s.m.m.a.RequestMappingHandlerMapping:543 - Mapped "{[/error],produces=[text/html]}" onto public org.springframework.web.servlet.ModelAndView org.springframework.boot.autoconfigure.web.BasicErrorController.errorHtml(javax.servlet.http.HttpServletRequest,javax.servlet.http.HttpServletResponse)
2018-03-16 14:24:46.131 INFO  [restartedMain] o.s.w.s.h.SimpleUrlHandlerMapping:362 - Mapped URL path [/webjars/**] onto handler of type [class org.springframework.web.servlet.resource.ResourceHttpRequestHandler]
2018-03-16 14:24:46.131 INFO  [restartedMain] o.s.w.s.h.SimpleUrlHandlerMapping:362 - Mapped URL path [/**] onto handler of type [class org.springframework.web.servlet.resource.ResourceHttpRequestHandler]
2018-03-16 14:24:46.144 INFO  [restartedMain] o.s.w.s.h.SimpleUrlHandlerMapping:362 - Mapped URL path [/**/favicon.ico] onto handler of type [class org.springframework.web.servlet.resource.ResourceHttpRequestHandler]
2018-03-16 14:24:46.188 WARN  [restartedMain] o.s.b.d.a.OptionalLiveReloadServer:62 - Unable to start LiveReload server
2018-03-16 14:24:46.357 INFO  [restartedMain] o.s.j.e.a.AnnotationMBeanExporter:431 - Registering beans for JMX exposure on startup
2018-03-16 14:24:46.358 INFO  [restartedMain] o.s.j.e.a.AnnotationMBeanExporter:916 - Bean with name 'dataSource' has been autodetected for JMX exposure
2018-03-16 14:24:46.358 INFO  [restartedMain] o.s.j.e.a.AnnotationMBeanExporter:916 - Bean with name 'statFilter' has been autodetected for JMX exposure
2018-03-16 14:24:46.360 INFO  [restartedMain] o.s.j.e.a.AnnotationMBeanExporter:671 - Located MBean 'dataSource': registering with JMX server as MBean [com.alibaba.druid.spring.boot.autoconfigure:name=dataSource,type=DruidDataSourceWrapper]
2018-03-16 14:24:46.362 INFO  [restartedMain] o.s.j.e.a.AnnotationMBeanExporter:671 - Located MBean 'statFilter': registering with JMX server as MBean [com.alibaba.druid.filter.stat:name=statFilter,type=StatFilter]
2018-03-16 14:24:46.367 INFO  [restartedMain] o.a.coyote.http11.Http11NioProtocol:179 - Initializing ProtocolHandler ["http-nio-8673"]
2018-03-16 14:24:46.367 INFO  [restartedMain] o.a.coyote.http11.Http11NioProtocol:179 - Starting ProtocolHandler ["http-nio-8673"]
2018-03-16 14:24:46.368 INFO  [restartedMain] o.a.tomcat.util.net.NioSelectorPool:179 - Using a shared selector for servlet write/read
2018-03-16 14:24:46.373 INFO  [restartedMain] o.s.b.c.e.t.TomcatEmbeddedServletContainer:201 - Tomcat started on port(s): 8673 (http)
2018-03-16 14:24:46.375 INFO  [restartedMain] o.g.s.m.provider.SpringCloudProvier:57 - Started SpringCloudProvier in 1.454 seconds (JVM running for 66.322)
2018-03-16 14:24:46.375 INFO  [restartedMain] o.g.s.m.provider.SpringCloudProvier:15 - SpringCloudProvier start success
2018-03-16 14:24:50.285 INFO  [http-nio-8673-exec-4] o.a.c.c.C.[Tomcat].[localhost].[/]:179 - Initializing Spring FrameworkServlet 'dispatcherServlet'
2018-03-16 14:24:50.286 INFO  [http-nio-8673-exec-4] o.s.web.servlet.DispatcherServlet:489 - FrameworkServlet 'dispatcherServlet': initialization started
2018-03-16 14:24:50.294 INFO  [http-nio-8673-exec-4] o.s.web.servlet.DispatcherServlet:508 - FrameworkServlet 'dispatcherServlet': initialization completed in 7 ms
2018-03-16 14:26:59.109 INFO  [Thread-8] o.s.b.c.e.AnnotationConfigEmbeddedWebApplicationContext:984 - Closing org.springframework.boot.context.embedded.AnnotationConfigEmbeddedWebApplicationContext@6343f2b3: startup date [Fri Mar 16 14:24:44 CST 2018]; root of context hierarchy
2018-03-16 14:26:59.112 INFO  [Thread-8] o.s.j.e.a.AnnotationMBeanExporter:449 - Unregistering JMX-exposed beans on shutdown
2018-03-16 14:26:59.114 INFO  [Thread-8] o.s.j.e.a.AnnotationMBeanExporter:241 - Unregistering JMX-exposed beans
2018-03-16 14:26:59.402 INFO  [restartedMain] o.g.s.m.provider.SpringCloudProvier:48 - Starting SpringCloudProvier on PC527707 with PID 3656 (E:\java_code1\spring\spring-cloud-provider\target\classes started by 527707 in E:\java_code1\spring\spring-cloud-provider)
2018-03-16 14:26:59.402 INFO  [restartedMain] o.g.s.m.provider.SpringCloudProvier:593 - No active profile set, falling back to default profiles: default
2018-03-16 14:26:59.406 INFO  [restartedMain] o.s.b.c.e.AnnotationConfigEmbeddedWebApplicationContext:583 - Refreshing org.springframework.boot.context.embedded.AnnotationConfigEmbeddedWebApplicationContext@2a4d7e2d: startup date [Fri Mar 16 14:26:59 CST 2018]; root of context hierarchy
2018-03-16 14:26:59.631 INFO  [restartedMain] o.s.b.f.s.DefaultListableBeanFactory:828 - Overriding bean definition for bean 'dataSource' with a different definition: replacing [Generic bean: class [org.giveu.springcloud.mjf.provider.config.DataSource]; scope=singleton; abstract=false; lazyInit=false; autowireMode=0; dependencyCheck=0; autowireCandidate=true; primary=false; factoryBeanName=null; factoryMethodName=null; initMethodName=null; destroyMethodName=null; defined in file [E:\java_code1\spring\spring-cloud-provider\target\classes\org\giveu\springcloud\mjf\provider\config\DataSource.class]] with [Root bean: class [null]; scope=; abstract=false; lazyInit=false; autowireMode=3; dependencyCheck=0; autowireCandidate=true; primary=false; factoryBeanName=dataSource; factoryMethodName=dataSource; initMethodName=null; destroyMethodName=(inferred); defined in class path resource [org/giveu/springcloud/mjf/provider/config/DataSource.class]]
2018-03-16 14:26:59.657 INFO  [restartedMain] o.s.b.f.s.DefaultListableBeanFactory:828 - Overriding bean definition for bean 'beetlViewResolver' with a different definition: replacing [Root bean: class [null]; scope=; abstract=false; lazyInit=false; autowireMode=3; dependencyCheck=0; autowireCandidate=true; primary=false; factoryBeanName=beetlConfig; factoryMethodName=beetlViewResolver; initMethodName=null; destroyMethodName=(inferred); defined in class path resource [org/giveu/springcloud/mjf/provider/config/beetl/BeetlConfig.class]] with [Root bean: class [null]; scope=; abstract=false; lazyInit=false; autowireMode=3; dependencyCheck=0; autowireCandidate=true; primary=false; factoryBeanName=cn.yerl.web.spring.beetl.BeetlConfiguration; factoryMethodName=beetlViewResolver; initMethodName=null; destroyMethodName=(inferred); defined in class path resource [cn/yerl/web/spring/beetl/BeetlConfiguration.class]]
2018-03-16 14:26:59.662 INFO  [restartedMain] o.s.b.f.s.DefaultListableBeanFactory:828 - Overriding bean definition for bean 'dataSource' with a different definition: replacing [Root bean: class [null]; scope=; abstract=false; lazyInit=false; autowireMode=3; dependencyCheck=0; autowireCandidate=true; primary=false; factoryBeanName=dataSource; factoryMethodName=dataSource; initMethodName=null; destroyMethodName=(inferred); defined in class path resource [org/giveu/springcloud/mjf/provider/config/DataSource.class]] with [Root bean: class [null]; scope=; abstract=false; lazyInit=false; autowireMode=3; dependencyCheck=0; autowireCandidate=true; primary=false; factoryBeanName=com.alibaba.druid.spring.boot.autoconfigure.DruidDataSourceAutoConfigure; factoryMethodName=dataSource; initMethodName=null; destroyMethodName=(inferred); defined in class path resource [com/alibaba/druid/spring/boot/autoconfigure/DruidDataSourceAutoConfigure.class]]
2018-03-16 14:26:59.753 INFO  [restartedMain] o.s.b.c.e.t.TomcatEmbeddedServletContainer:89 - Tomcat initialized with port(s): 8673 (http)
2018-03-16 14:26:59.753 INFO  [restartedMain] o.a.catalina.core.StandardService:179 - Starting service [Tomcat]
2018-03-16 14:26:59.753 INFO  [restartedMain] o.a.catalina.core.StandardEngine:179 - Starting Servlet Engine: Apache Tomcat/8.5.23
2018-03-16 14:26:59.761 INFO  [localhost-startStop-1] o.a.c.c.C.[Tomcat].[localhost].[/]:179 - Initializing Spring embedded WebApplicationContext
2018-03-16 14:26:59.762 INFO  [localhost-startStop-1] o.s.web.context.ContextLoader:276 - Root WebApplicationContext: initialization completed in 356 ms
2018-03-16 14:26:59.790 INFO  [localhost-startStop-1] o.s.b.w.s.ServletRegistrationBean:190 - Mapping servlet: 'dispatcherServlet' to [/]
2018-03-16 14:26:59.791 INFO  [localhost-startStop-1] o.s.b.w.s.ServletRegistrationBean:190 - Mapping servlet: 'statViewServlet' to [/druid/*]
2018-03-16 14:26:59.792 INFO  [localhost-startStop-1] o.s.b.w.s.FilterRegistrationBean:258 - Mapping filter: 'characterEncodingFilter' to: [/*]
2018-03-16 14:26:59.792 INFO  [localhost-startStop-1] o.s.b.w.s.FilterRegistrationBean:258 - Mapping filter: 'hiddenHttpMethodFilter' to: [/*]
2018-03-16 14:26:59.792 INFO  [localhost-startStop-1] o.s.b.w.s.FilterRegistrationBean:258 - Mapping filter: 'httpPutFormContentFilter' to: [/*]
2018-03-16 14:26:59.792 INFO  [localhost-startStop-1] o.s.b.w.s.FilterRegistrationBean:258 - Mapping filter: 'requestContextFilter' to: [/*]
2018-03-16 14:26:59.792 INFO  [localhost-startStop-1] o.s.b.w.s.FilterRegistrationBean:271 - Mapping filter: 'webStatFilter' to urls: [/*]
2018-03-16 14:27:00.060 WARN  [restartedMain] o.b.e.spring.BeetlSpringViewResolver:199 - Beetl不建议使用使用spring前缀，会导致include,layout找不到对应的模板，请使用beetl的配置RESOURCE.ROOT来配置模板根目录
2018-03-16 14:27:00.116 INFO  [restartedMain] o.s.w.s.m.m.a.RequestMappingHandlerAdapter:534 - Looking for @ControllerAdvice: org.springframework.boot.context.embedded.AnnotationConfigEmbeddedWebApplicationContext@2a4d7e2d: startup date [Fri Mar 16 14:26:59 CST 2018]; root of context hierarchy
2018-03-16 14:27:00.123 INFO  [restartedMain] o.s.w.s.m.m.a.RequestMappingHandlerMapping:543 - Mapped "{[/index]}" onto public java.lang.String org.giveu.springcloud.mjf.provider.controller.UserController.index()
2018-03-16 14:27:00.124 INFO  [restartedMain] o.s.w.s.m.m.a.RequestMappingHandlerMapping:543 - Mapped "{[/hello]}" onto public java.util.List<org.giveu.springcloud.mjf.provider.model.User> org.giveu.springcloud.mjf.provider.controller.UserController.hello()
2018-03-16 14:27:00.125 INFO  [restartedMain] o.s.w.s.m.m.a.RequestMappingHandlerMapping:543 - Mapped "{[/error]}" onto public org.springframework.http.ResponseEntity<java.util.Map<java.lang.String, java.lang.Object>> org.springframework.boot.autoconfigure.web.BasicErrorController.error(javax.servlet.http.HttpServletRequest)
2018-03-16 14:27:00.125 INFO  [restartedMain] o.s.w.s.m.m.a.RequestMappingHandlerMapping:543 - Mapped "{[/error],produces=[text/html]}" onto public org.springframework.web.servlet.ModelAndView org.springframework.boot.autoconfigure.web.BasicErrorController.errorHtml(javax.servlet.http.HttpServletRequest,javax.servlet.http.HttpServletResponse)
2018-03-16 14:27:00.132 INFO  [restartedMain] o.s.w.s.h.SimpleUrlHandlerMapping:362 - Mapped URL path [/webjars/**] onto handler of type [class org.springframework.web.servlet.resource.ResourceHttpRequestHandler]
2018-03-16 14:27:00.133 INFO  [restartedMain] o.s.w.s.h.SimpleUrlHandlerMapping:362 - Mapped URL path [/**] onto handler of type [class org.springframework.web.servlet.resource.ResourceHttpRequestHandler]
2018-03-16 14:27:00.142 INFO  [restartedMain] o.s.w.s.h.SimpleUrlHandlerMapping:362 - Mapped URL path [/**/favicon.ico] onto handler of type [class org.springframework.web.servlet.resource.ResourceHttpRequestHandler]
2018-03-16 14:27:00.178 WARN  [restartedMain] o.s.b.d.a.OptionalLiveReloadServer:62 - Unable to start LiveReload server
2018-03-16 14:27:00.340 INFO  [restartedMain] o.s.j.e.a.AnnotationMBeanExporter:431 - Registering beans for JMX exposure on startup
2018-03-16 14:27:00.340 INFO  [restartedMain] o.s.j.e.a.AnnotationMBeanExporter:916 - Bean with name 'dataSource' has been autodetected for JMX exposure
2018-03-16 14:27:00.341 INFO  [restartedMain] o.s.j.e.a.AnnotationMBeanExporter:916 - Bean with name 'statFilter' has been autodetected for JMX exposure
2018-03-16 14:27:00.342 INFO  [restartedMain] o.s.j.e.a.AnnotationMBeanExporter:671 - Located MBean 'dataSource': registering with JMX server as MBean [com.alibaba.druid.spring.boot.autoconfigure:name=dataSource,type=DruidDataSourceWrapper]
2018-03-16 14:27:00.343 INFO  [restartedMain] o.s.j.e.a.AnnotationMBeanExporter:671 - Located MBean 'statFilter': registering with JMX server as MBean [com.alibaba.druid.filter.stat:name=statFilter,type=StatFilter]
2018-03-16 14:27:00.346 INFO  [restartedMain] o.a.coyote.http11.Http11NioProtocol:179 - Initializing ProtocolHandler ["http-nio-8673"]
2018-03-16 14:27:00.347 INFO  [restartedMain] o.a.coyote.http11.Http11NioProtocol:179 - Starting ProtocolHandler ["http-nio-8673"]
2018-03-16 14:27:00.347 INFO  [restartedMain] o.a.tomcat.util.net.NioSelectorPool:179 - Using a shared selector for servlet write/read
2018-03-16 14:27:00.351 INFO  [restartedMain] o.s.b.c.e.t.TomcatEmbeddedServletContainer:201 - Tomcat started on port(s): 8673 (http)
2018-03-16 14:27:00.353 INFO  [restartedMain] o.g.s.m.provider.SpringCloudProvier:57 - Started SpringCloudProvier in 0.991 seconds (JVM running for 200.296)
2018-03-16 14:27:00.353 INFO  [restartedMain] o.g.s.m.provider.SpringCloudProvier:15 - SpringCloudProvier start success
2018-03-16 14:28:24.639 INFO  [restartedMain] o.g.s.m.provider.SpringCloudProvier:48 - Starting SpringCloudProvier on PC527707 with PID 25268 (E:\java_code1\spring\spring-cloud-provider\target\classes started by 527707 in E:\java_code1\spring\spring-cloud-provider)
2018-03-16 14:28:24.641 INFO  [restartedMain] o.g.s.m.provider.SpringCloudProvier:593 - No active profile set, falling back to default profiles: default
2018-03-16 14:28:24.700 INFO  [restartedMain] o.s.b.c.e.AnnotationConfigEmbeddedWebApplicationContext:583 - Refreshing org.springframework.boot.context.embedded.AnnotationConfigEmbeddedWebApplicationContext@9bbc76f: startup date [Fri Mar 16 14:28:24 CST 2018]; root of context hierarchy
2018-03-16 14:28:24.871 INFO  [background-preinit] o.h.validator.internal.util.Version:30 - HV000001: Hibernate Validator 5.3.6.Final
2018-03-16 14:28:25.301 INFO  [restartedMain] o.s.b.f.s.DefaultListableBeanFactory:828 - Overriding bean definition for bean 'dataSource' with a different definition: replacing [Generic bean: class [org.giveu.springcloud.mjf.provider.config.DataSource]; scope=singleton; abstract=false; lazyInit=false; autowireMode=0; dependencyCheck=0; autowireCandidate=true; primary=false; factoryBeanName=null; factoryMethodName=null; initMethodName=null; destroyMethodName=null; defined in file [E:\java_code1\spring\spring-cloud-provider\target\classes\org\giveu\springcloud\mjf\provider\config\DataSource.class]] with [Root bean: class [null]; scope=; abstract=false; lazyInit=false; autowireMode=3; dependencyCheck=0; autowireCandidate=true; primary=false; factoryBeanName=dataSource; factoryMethodName=dataSource; initMethodName=null; destroyMethodName=(inferred); defined in class path resource [org/giveu/springcloud/mjf/provider/config/DataSource.class]]
2018-03-16 14:28:25.457 INFO  [restartedMain] o.s.b.f.s.DefaultListableBeanFactory:828 - Overriding bean definition for bean 'dataSource' with a different definition: replacing [Root bean: class [null]; scope=; abstract=false; lazyInit=false; autowireMode=3; dependencyCheck=0; autowireCandidate=true; primary=false; factoryBeanName=dataSource; factoryMethodName=dataSource; initMethodName=null; destroyMethodName=(inferred); defined in class path resource [org/giveu/springcloud/mjf/provider/config/DataSource.class]] with [Root bean: class [null]; scope=; abstract=false; lazyInit=false; autowireMode=3; dependencyCheck=0; autowireCandidate=true; primary=false; factoryBeanName=com.alibaba.druid.spring.boot.autoconfigure.DruidDataSourceAutoConfigure; factoryMethodName=dataSource; initMethodName=null; destroyMethodName=(inferred); defined in class path resource [com/alibaba/druid/spring/boot/autoconfigure/DruidDataSourceAutoConfigure.class]]
2018-03-16 14:28:26.280 INFO  [restartedMain] o.s.b.c.e.t.TomcatEmbeddedServletContainer:89 - Tomcat initialized with port(s): 8673 (http)
2018-03-16 14:28:26.291 INFO  [restartedMain] o.a.catalina.core.StandardService:179 - Starting service [Tomcat]
2018-03-16 14:28:26.292 INFO  [restartedMain] o.a.catalina.core.StandardEngine:179 - Starting Servlet Engine: Apache Tomcat/8.5.23
2018-03-16 14:28:26.366 INFO  [localhost-startStop-1] o.a.c.c.C.[Tomcat].[localhost].[/]:179 - Initializing Spring embedded WebApplicationContext
2018-03-16 14:28:26.366 INFO  [localhost-startStop-1] o.s.web.context.ContextLoader:276 - Root WebApplicationContext: initialization completed in 1666 ms
2018-03-16 14:28:26.563 INFO  [localhost-startStop-1] o.s.b.w.s.ServletRegistrationBean:190 - Mapping servlet: 'dispatcherServlet' to [/]
2018-03-16 14:28:26.564 INFO  [localhost-startStop-1] o.s.b.w.s.ServletRegistrationBean:190 - Mapping servlet: 'statViewServlet' to [/druid/*]
2018-03-16 14:28:26.567 INFO  [localhost-startStop-1] o.s.b.w.s.FilterRegistrationBean:258 - Mapping filter: 'characterEncodingFilter' to: [/*]
2018-03-16 14:28:26.568 INFO  [localhost-startStop-1] o.s.b.w.s.FilterRegistrationBean:258 - Mapping filter: 'hiddenHttpMethodFilter' to: [/*]
2018-03-16 14:28:26.568 INFO  [localhost-startStop-1] o.s.b.w.s.FilterRegistrationBean:258 - Mapping filter: 'httpPutFormContentFilter' to: [/*]
2018-03-16 14:28:26.568 INFO  [localhost-startStop-1] o.s.b.w.s.FilterRegistrationBean:258 - Mapping filter: 'requestContextFilter' to: [/*]
2018-03-16 14:28:26.569 INFO  [localhost-startStop-1] o.s.b.w.s.FilterRegistrationBean:271 - Mapping filter: 'webStatFilter' to urls: [/*]
2018-03-16 14:28:27.160 WARN  [restartedMain] DBKeywordsProcessor:51 - If you want to support the keyword query, must have database_keywords.dic. null
2018-03-16 14:28:27.778 INFO  [restartedMain] o.s.w.s.m.m.a.RequestMappingHandlerAdapter:534 - Looking for @ControllerAdvice: org.springframework.boot.context.embedded.AnnotationConfigEmbeddedWebApplicationContext@9bbc76f: startup date [Fri Mar 16 14:28:24 CST 2018]; root of context hierarchy
2018-03-16 14:28:27.840 INFO  [restartedMain] o.s.w.s.m.m.a.RequestMappingHandlerMapping:543 - Mapped "{[/index]}" onto public java.lang.String org.giveu.springcloud.mjf.provider.controller.UserController.index()
2018-03-16 14:28:27.841 INFO  [restartedMain] o.s.w.s.m.m.a.RequestMappingHandlerMapping:543 - Mapped "{[/hello]}" onto public java.util.List<org.giveu.springcloud.mjf.provider.model.User> org.giveu.springcloud.mjf.provider.controller.UserController.hello()
2018-03-16 14:28:27.844 INFO  [restartedMain] o.s.w.s.m.m.a.RequestMappingHandlerMapping:543 - Mapped "{[/error]}" onto public org.springframework.http.ResponseEntity<java.util.Map<java.lang.String, java.lang.Object>> org.springframework.boot.autoconfigure.web.BasicErrorController.error(javax.servlet.http.HttpServletRequest)
2018-03-16 14:28:27.845 INFO  [restartedMain] o.s.w.s.m.m.a.RequestMappingHandlerMapping:543 - Mapped "{[/error],produces=[text/html]}" onto public org.springframework.web.servlet.ModelAndView org.springframework.boot.autoconfigure.web.BasicErrorController.errorHtml(javax.servlet.http.HttpServletRequest,javax.servlet.http.HttpServletResponse)
2018-03-16 14:28:27.874 INFO  [restartedMain] o.s.w.s.h.SimpleUrlHandlerMapping:362 - Mapped URL path [/webjars/**] onto handler of type [class org.springframework.web.servlet.resource.ResourceHttpRequestHandler]
2018-03-16 14:28:27.875 INFO  [restartedMain] o.s.w.s.h.SimpleUrlHandlerMapping:362 - Mapped URL path [/**] onto handler of type [class org.springframework.web.servlet.resource.ResourceHttpRequestHandler]
2018-03-16 14:28:27.912 INFO  [restartedMain] o.s.w.s.h.SimpleUrlHandlerMapping:362 - Mapped URL path [/**/favicon.ico] onto handler of type [class org.springframework.web.servlet.resource.ResourceHttpRequestHandler]
2018-03-16 14:28:28.142 WARN  [restartedMain] o.s.b.d.a.OptionalLiveReloadServer:62 - Unable to start LiveReload server
2018-03-16 14:28:28.325 INFO  [restartedMain] o.s.j.e.a.AnnotationMBeanExporter:431 - Registering beans for JMX exposure on startup
2018-03-16 14:28:28.326 INFO  [restartedMain] o.s.j.e.a.AnnotationMBeanExporter:916 - Bean with name 'dataSource' has been autodetected for JMX exposure
2018-03-16 14:28:28.328 INFO  [restartedMain] o.s.j.e.a.AnnotationMBeanExporter:916 - Bean with name 'statFilter' has been autodetected for JMX exposure
2018-03-16 14:28:28.333 INFO  [restartedMain] o.s.j.e.a.AnnotationMBeanExporter:671 - Located MBean 'dataSource': registering with JMX server as MBean [com.alibaba.druid.spring.boot.autoconfigure:name=dataSource,type=DruidDataSourceWrapper]
2018-03-16 14:28:28.338 INFO  [restartedMain] o.s.j.e.a.AnnotationMBeanExporter:671 - Located MBean 'statFilter': registering with JMX server as MBean [com.alibaba.druid.filter.stat:name=statFilter,type=StatFilter]
2018-03-16 14:28:28.353 INFO  [restartedMain] o.a.coyote.http11.Http11NioProtocol:179 - Initializing ProtocolHandler ["http-nio-8673"]
2018-03-16 14:28:28.366 INFO  [restartedMain] o.a.coyote.http11.Http11NioProtocol:179 - Starting ProtocolHandler ["http-nio-8673"]
2018-03-16 14:28:28.374 INFO  [restartedMain] o.a.tomcat.util.net.NioSelectorPool:179 - Using a shared selector for servlet write/read
2018-03-16 14:28:28.392 INFO  [restartedMain] o.s.b.c.e.t.TomcatEmbeddedServletContainer:201 - Tomcat started on port(s): 8673 (http)
2018-03-16 14:28:28.398 INFO  [restartedMain] o.g.s.m.provider.SpringCloudProvier:57 - Started SpringCloudProvier in 4.09 seconds (JVM running for 4.45)
2018-03-16 14:28:28.398 INFO  [restartedMain] o.g.s.m.provider.SpringCloudProvier:15 - SpringCloudProvier start success
2018-03-16 14:28:34.425 INFO  [http-nio-8673-exec-1] o.a.c.c.C.[Tomcat].[localhost].[/]:179 - Initializing Spring FrameworkServlet 'dispatcherServlet'
2018-03-16 14:28:34.426 INFO  [http-nio-8673-exec-1] o.s.web.servlet.DispatcherServlet:489 - FrameworkServlet 'dispatcherServlet': initialization started
2018-03-16 14:28:34.450 INFO  [http-nio-8673-exec-1] o.s.web.servlet.DispatcherServlet:508 - FrameworkServlet 'dispatcherServlet': initialization completed in 24 ms
2018-03-16 14:30:22.974 INFO  [Thread-1] o.s.b.c.e.AnnotationConfigEmbeddedWebApplicationContext:984 - Closing org.springframework.boot.context.embedded.AnnotationConfigEmbeddedWebApplicationContext@9bbc76f: startup date [Fri Mar 16 14:28:24 CST 2018]; root of context hierarchy
2018-03-16 14:30:22.979 INFO  [Thread-1] o.s.j.e.a.AnnotationMBeanExporter:449 - Unregistering JMX-exposed beans on shutdown
2018-03-16 14:30:22.980 INFO  [Thread-1] o.s.j.e.a.AnnotationMBeanExporter:241 - Unregistering JMX-exposed beans
2018-03-16 14:30:23.297 INFO  [restartedMain] o.g.s.m.provider.SpringCloudProvier:48 - Starting SpringCloudProvier on PC527707 with PID 25268 (E:\java_code1\spring\spring-cloud-provider\target\classes started by 527707 in E:\java_code1\spring\spring-cloud-provider)
2018-03-16 14:30:23.298 INFO  [restartedMain] o.g.s.m.provider.SpringCloudProvier:593 - No active profile set, falling back to default profiles: default
2018-03-16 14:30:23.300 INFO  [restartedMain] o.s.b.c.e.AnnotationConfigEmbeddedWebApplicationContext:583 - Refreshing org.springframework.boot.context.embedded.AnnotationConfigEmbeddedWebApplicationContext@6351e62f: startup date [Fri Mar 16 14:30:23 CST 2018]; root of context hierarchy
2018-03-16 14:30:23.566 INFO  [restartedMain] o.s.b.f.s.DefaultListableBeanFactory:828 - Overriding bean definition for bean 'dataSource' with a different definition: replacing [Generic bean: class [org.giveu.springcloud.mjf.provider.config.DataSource]; scope=singleton; abstract=false; lazyInit=false; autowireMode=0; dependencyCheck=0; autowireCandidate=true; primary=false; factoryBeanName=null; factoryMethodName=null; initMethodName=null; destroyMethodName=null; defined in file [E:\java_code1\spring\spring-cloud-provider\target\classes\org\giveu\springcloud\mjf\provider\config\DataSource.class]] with [Root bean: class [null]; scope=; abstract=false; lazyInit=false; autowireMode=3; dependencyCheck=0; autowireCandidate=true; primary=false; factoryBeanName=dataSource; factoryMethodName=dataSource; initMethodName=null; destroyMethodName=(inferred); defined in class path resource [org/giveu/springcloud/mjf/provider/config/DataSource.class]]
2018-03-16 14:30:23.602 INFO  [restartedMain] o.s.b.f.s.DefaultListableBeanFactory:828 - Overriding bean definition for bean 'dataSource' with a different definition: replacing [Root bean: class [null]; scope=; abstract=false; lazyInit=false; autowireMode=3; dependencyCheck=0; autowireCandidate=true; primary=false; factoryBeanName=dataSource; factoryMethodName=dataSource; initMethodName=null; destroyMethodName=(inferred); defined in class path resource [org/giveu/springcloud/mjf/provider/config/DataSource.class]] with [Root bean: class [null]; scope=; abstract=false; lazyInit=false; autowireMode=3; dependencyCheck=0; autowireCandidate=true; primary=false; factoryBeanName=com.alibaba.druid.spring.boot.autoconfigure.DruidDataSourceAutoConfigure; factoryMethodName=dataSource; initMethodName=null; destroyMethodName=(inferred); defined in class path resource [com/alibaba/druid/spring/boot/autoconfigure/DruidDataSourceAutoConfigure.class]]
2018-03-16 14:30:23.700 INFO  [restartedMain] o.s.b.c.e.t.TomcatEmbeddedServletContainer:89 - Tomcat initialized with port(s): 8673 (http)
2018-03-16 14:30:23.701 INFO  [restartedMain] o.a.catalina.core.StandardService:179 - Starting service [Tomcat]
2018-03-16 14:30:23.701 INFO  [restartedMain] o.a.catalina.core.StandardEngine:179 - Starting Servlet Engine: Apache Tomcat/8.5.23
2018-03-16 14:30:23.709 INFO  [localhost-startStop-1] o.a.c.c.C.[Tomcat].[localhost].[/]:179 - Initializing Spring embedded WebApplicationContext
2018-03-16 14:30:23.710 INFO  [localhost-startStop-1] o.s.web.context.ContextLoader:276 - Root WebApplicationContext: initialization completed in 410 ms
2018-03-16 14:30:23.739 INFO  [localhost-startStop-1] o.s.b.w.s.ServletRegistrationBean:190 - Mapping servlet: 'dispatcherServlet' to [/]
2018-03-16 14:30:23.739 INFO  [localhost-startStop-1] o.s.b.w.s.ServletRegistrationBean:190 - Mapping servlet: 'statViewServlet' to [/druid/*]
2018-03-16 14:30:23.739 INFO  [localhost-startStop-1] o.s.b.w.s.FilterRegistrationBean:258 - Mapping filter: 'characterEncodingFilter' to: [/*]
2018-03-16 14:30:23.739 INFO  [localhost-startStop-1] o.s.b.w.s.FilterRegistrationBean:258 - Mapping filter: 'hiddenHttpMethodFilter' to: [/*]
2018-03-16 14:30:23.740 INFO  [localhost-startStop-1] o.s.b.w.s.FilterRegistrationBean:258 - Mapping filter: 'httpPutFormContentFilter' to: [/*]
2018-03-16 14:30:23.740 INFO  [localhost-startStop-1] o.s.b.w.s.FilterRegistrationBean:258 - Mapping filter: 'requestContextFilter' to: [/*]
2018-03-16 14:30:23.740 INFO  [localhost-startStop-1] o.s.b.w.s.FilterRegistrationBean:271 - Mapping filter: 'webStatFilter' to urls: [/*]
2018-03-16 14:30:24.134 INFO  [restartedMain] o.s.w.s.m.m.a.RequestMappingHandlerAdapter:534 - Looking for @ControllerAdvice: org.springframework.boot.context.embedded.AnnotationConfigEmbeddedWebApplicationContext@6351e62f: startup date [Fri Mar 16 14:30:23 CST 2018]; root of context hierarchy
2018-03-16 14:30:24.141 INFO  [restartedMain] o.s.w.s.m.m.a.RequestMappingHandlerMapping:543 - Mapped "{[/index]}" onto public java.lang.String org.giveu.springcloud.mjf.provider.controller.UserController.index()
2018-03-16 14:30:24.144 INFO  [restartedMain] o.s.w.s.m.m.a.RequestMappingHandlerMapping:543 - Mapped "{[/hello]}" onto public java.util.List<org.giveu.springcloud.mjf.provider.model.User> org.giveu.springcloud.mjf.provider.controller.UserController.hello()
2018-03-16 14:30:24.147 INFO  [restartedMain] o.s.w.s.m.m.a.RequestMappingHandlerMapping:543 - Mapped "{[/error]}" onto public org.springframework.http.ResponseEntity<java.util.Map<java.lang.String, java.lang.Object>> org.springframework.boot.autoconfigure.web.BasicErrorController.error(javax.servlet.http.HttpServletRequest)
2018-03-16 14:30:24.147 INFO  [restartedMain] o.s.w.s.m.m.a.RequestMappingHandlerMapping:543 - Mapped "{[/error],produces=[text/html]}" onto public org.springframework.web.servlet.ModelAndView org.springframework.boot.autoconfigure.web.BasicErrorController.errorHtml(javax.servlet.http.HttpServletRequest,javax.servlet.http.HttpServletResponse)
2018-03-16 14:30:24.155 INFO  [restartedMain] o.s.w.s.h.SimpleUrlHandlerMapping:362 - Mapped URL path [/webjars/**] onto handler of type [class org.springframework.web.servlet.resource.ResourceHttpRequestHandler]
2018-03-16 14:30:24.156 INFO  [restartedMain] o.s.w.s.h.SimpleUrlHandlerMapping:362 - Mapped URL path [/**] onto handler of type [class org.springframework.web.servlet.resource.ResourceHttpRequestHandler]
2018-03-16 14:30:24.167 INFO  [restartedMain] o.s.w.s.h.SimpleUrlHandlerMapping:362 - Mapped URL path [/**/favicon.ico] onto handler of type [class org.springframework.web.servlet.resource.ResourceHttpRequestHandler]
2018-03-16 14:30:24.209 WARN  [restartedMain] o.s.b.d.a.OptionalLiveReloadServer:62 - Unable to start LiveReload server
2018-03-16 14:30:24.345 INFO  [restartedMain] o.s.j.e.a.AnnotationMBeanExporter:431 - Registering beans for JMX exposure on startup
2018-03-16 14:30:24.345 INFO  [restartedMain] o.s.j.e.a.AnnotationMBeanExporter:916 - Bean with name 'dataSource' has been autodetected for JMX exposure
2018-03-16 14:30:24.346 INFO  [restartedMain] o.s.j.e.a.AnnotationMBeanExporter:916 - Bean with name 'statFilter' has been autodetected for JMX exposure
2018-03-16 14:30:24.348 INFO  [restartedMain] o.s.j.e.a.AnnotationMBeanExporter:671 - Located MBean 'dataSource': registering with JMX server as MBean [com.alibaba.druid.spring.boot.autoconfigure:name=dataSource,type=DruidDataSourceWrapper]
2018-03-16 14:30:24.350 INFO  [restartedMain] o.s.j.e.a.AnnotationMBeanExporter:671 - Located MBean 'statFilter': registering with JMX server as MBean [com.alibaba.druid.filter.stat:name=statFilter,type=StatFilter]
2018-03-16 14:30:24.354 INFO  [restartedMain] o.a.coyote.http11.Http11NioProtocol:179 - Initializing ProtocolHandler ["http-nio-8673"]
2018-03-16 14:30:24.354 INFO  [restartedMain] o.a.coyote.http11.Http11NioProtocol:179 - Starting ProtocolHandler ["http-nio-8673"]
2018-03-16 14:30:24.355 INFO  [restartedMain] o.a.tomcat.util.net.NioSelectorPool:179 - Using a shared selector for servlet write/read
2018-03-16 14:30:24.357 INFO  [restartedMain] o.s.b.c.e.t.TomcatEmbeddedServletContainer:201 - Tomcat started on port(s): 8673 (http)
2018-03-16 14:30:24.362 INFO  [restartedMain] o.g.s.m.provider.SpringCloudProvier:57 - Started SpringCloudProvier in 1.109 seconds (JVM running for 120.422)
2018-03-16 14:30:24.362 INFO  [restartedMain] o.g.s.m.provider.SpringCloudProvier:15 - SpringCloudProvier start success
2018-03-16 14:30:27.428 INFO  [http-nio-8673-exec-7] o.a.c.c.C.[Tomcat].[localhost].[/]:179 - Initializing Spring FrameworkServlet 'dispatcherServlet'
2018-03-16 14:30:27.429 INFO  [http-nio-8673-exec-7] o.s.web.servlet.DispatcherServlet:489 - FrameworkServlet 'dispatcherServlet': initialization started
2018-03-16 14:30:27.432 INFO  [http-nio-8673-exec-7] o.s.web.servlet.DispatcherServlet:508 - FrameworkServlet 'dispatcherServlet': initialization completed in 3 ms
2018-03-16 14:32:14.970 INFO  [Thread-8] o.s.b.c.e.AnnotationConfigEmbeddedWebApplicationContext:984 - Closing org.springframework.boot.context.embedded.AnnotationConfigEmbeddedWebApplicationContext@6351e62f: startup date [Fri Mar 16 14:30:23 CST 2018]; root of context hierarchy
2018-03-16 14:32:14.975 INFO  [Thread-8] o.s.j.e.a.AnnotationMBeanExporter:449 - Unregistering JMX-exposed beans on shutdown
2018-03-16 14:32:14.977 INFO  [Thread-8] o.s.j.e.a.AnnotationMBeanExporter:241 - Unregistering JMX-exposed beans
2018-03-16 14:32:15.268 INFO  [restartedMain] o.g.s.m.provider.SpringCloudProvier:48 - Starting SpringCloudProvier on PC527707 with PID 25268 (E:\java_code1\spring\spring-cloud-provider\target\classes started by 527707 in E:\java_code1\spring\spring-cloud-provider)
2018-03-16 14:32:15.268 INFO  [restartedMain] o.g.s.m.provider.SpringCloudProvier:593 - No active profile set, falling back to default profiles: default
2018-03-16 14:32:15.271 INFO  [restartedMain] o.s.b.c.e.AnnotationConfigEmbeddedWebApplicationContext:583 - Refreshing org.springframework.boot.context.embedded.AnnotationConfigEmbeddedWebApplicationContext@7cfaaa72: startup date [Fri Mar 16 14:32:15 CST 2018]; root of context hierarchy
2018-03-16 14:32:15.525 INFO  [restartedMain] o.s.b.f.s.DefaultListableBeanFactory:828 - Overriding bean definition for bean 'dataSource' with a different definition: replacing [Generic bean: class [org.giveu.springcloud.mjf.provider.config.DataSource]; scope=singleton; abstract=false; lazyInit=false; autowireMode=0; dependencyCheck=0; autowireCandidate=true; primary=false; factoryBeanName=null; factoryMethodName=null; initMethodName=null; destroyMethodName=null; defined in file [E:\java_code1\spring\spring-cloud-provider\target\classes\org\giveu\springcloud\mjf\provider\config\DataSource.class]] with [Root bean: class [null]; scope=; abstract=false; lazyInit=false; autowireMode=3; dependencyCheck=0; autowireCandidate=true; primary=false; factoryBeanName=dataSource; factoryMethodName=dataSource; initMethodName=null; destroyMethodName=(inferred); defined in class path resource [org/giveu/springcloud/mjf/provider/config/DataSource.class]]
2018-03-16 14:32:15.560 INFO  [restartedMain] o.s.b.f.s.DefaultListableBeanFactory:828 - Overriding bean definition for bean 'dataSource' with a different definition: replacing [Root bean: class [null]; scope=; abstract=false; lazyInit=false; autowireMode=3; dependencyCheck=0; autowireCandidate=true; primary=false; factoryBeanName=dataSource; factoryMethodName=dataSource; initMethodName=null; destroyMethodName=(inferred); defined in class path resource [org/giveu/springcloud/mjf/provider/config/DataSource.class]] with [Root bean: class [null]; scope=; abstract=false; lazyInit=false; autowireMode=3; dependencyCheck=0; autowireCandidate=true; primary=false; factoryBeanName=com.alibaba.druid.spring.boot.autoconfigure.DruidDataSourceAutoConfigure; factoryMethodName=dataSource; initMethodName=null; destroyMethodName=(inferred); defined in class path resource [com/alibaba/druid/spring/boot/autoconfigure/DruidDataSourceAutoConfigure.class]]
2018-03-16 14:32:15.654 INFO  [restartedMain] o.s.b.c.e.t.TomcatEmbeddedServletContainer:89 - Tomcat initialized with port(s): 8673 (http)
2018-03-16 14:32:15.655 INFO  [restartedMain] o.a.catalina.core.StandardService:179 - Starting service [Tomcat]
2018-03-16 14:32:15.655 INFO  [restartedMain] o.a.catalina.core.StandardEngine:179 - Starting Servlet Engine: Apache Tomcat/8.5.23
2018-03-16 14:32:15.664 INFO  [localhost-startStop-1] o.a.c.c.C.[Tomcat].[localhost].[/]:179 - Initializing Spring embedded WebApplicationContext
2018-03-16 14:32:15.665 INFO  [localhost-startStop-1] o.s.web.context.ContextLoader:276 - Root WebApplicationContext: initialization completed in 394 ms
2018-03-16 14:32:15.694 INFO  [localhost-startStop-1] o.s.b.w.s.ServletRegistrationBean:190 - Mapping servlet: 'dispatcherServlet' to [/]
2018-03-16 14:32:15.695 INFO  [localhost-startStop-1] o.s.b.w.s.ServletRegistrationBean:190 - Mapping servlet: 'statViewServlet' to [/druid/*]
2018-03-16 14:32:15.695 INFO  [localhost-startStop-1] o.s.b.w.s.FilterRegistrationBean:258 - Mapping filter: 'characterEncodingFilter' to: [/*]
2018-03-16 14:32:15.695 INFO  [localhost-startStop-1] o.s.b.w.s.FilterRegistrationBean:258 - Mapping filter: 'hiddenHttpMethodFilter' to: [/*]
2018-03-16 14:32:15.695 INFO  [localhost-startStop-1] o.s.b.w.s.FilterRegistrationBean:258 - Mapping filter: 'httpPutFormContentFilter' to: [/*]
2018-03-16 14:32:15.695 INFO  [localhost-startStop-1] o.s.b.w.s.FilterRegistrationBean:258 - Mapping filter: 'requestContextFilter' to: [/*]
2018-03-16 14:32:15.695 INFO  [localhost-startStop-1] o.s.b.w.s.FilterRegistrationBean:271 - Mapping filter: 'webStatFilter' to urls: [/*]
2018-03-16 14:32:16.059 INFO  [restartedMain] o.s.w.s.m.m.a.RequestMappingHandlerAdapter:534 - Looking for @ControllerAdvice: org.springframework.boot.context.embedded.AnnotationConfigEmbeddedWebApplicationContext@7cfaaa72: startup date [Fri Mar 16 14:32:15 CST 2018]; root of context hierarchy
2018-03-16 14:32:16.065 INFO  [restartedMain] o.s.w.s.m.m.a.RequestMappingHandlerMapping:543 - Mapped "{[/index]}" onto public java.lang.String org.giveu.springcloud.mjf.provider.controller.UserController.index()
2018-03-16 14:32:16.065 INFO  [restartedMain] o.s.w.s.m.m.a.RequestMappingHandlerMapping:543 - Mapped "{[/hello]}" onto public java.util.List<org.giveu.springcloud.mjf.provider.model.User> org.giveu.springcloud.mjf.provider.controller.UserController.hello()
2018-03-16 14:32:16.066 INFO  [restartedMain] o.s.w.s.m.m.a.RequestMappingHandlerMapping:543 - Mapped "{[/error]}" onto public org.springframework.http.ResponseEntity<java.util.Map<java.lang.String, java.lang.Object>> org.springframework.boot.autoconfigure.web.BasicErrorController.error(javax.servlet.http.HttpServletRequest)
2018-03-16 14:32:16.067 INFO  [restartedMain] o.s.w.s.m.m.a.RequestMappingHandlerMapping:543 - Mapped "{[/error],produces=[text/html]}" onto public org.springframework.web.servlet.ModelAndView org.springframework.boot.autoconfigure.web.BasicErrorController.errorHtml(javax.servlet.http.HttpServletRequest,javax.servlet.http.HttpServletResponse)
2018-03-16 14:32:16.075 INFO  [restartedMain] o.s.w.s.h.SimpleUrlHandlerMapping:362 - Mapped URL path [/webjars/**] onto handler of type [class org.springframework.web.servlet.resource.ResourceHttpRequestHandler]
2018-03-16 14:32:16.075 INFO  [restartedMain] o.s.w.s.h.SimpleUrlHandlerMapping:362 - Mapped URL path [/**] onto handler of type [class org.springframework.web.servlet.resource.ResourceHttpRequestHandler]
2018-03-16 14:32:16.086 INFO  [restartedMain] o.s.w.s.h.SimpleUrlHandlerMapping:362 - Mapped URL path [/**/favicon.ico] onto handler of type [class org.springframework.web.servlet.resource.ResourceHttpRequestHandler]
2018-03-16 14:32:16.124 WARN  [restartedMain] o.s.b.d.a.OptionalLiveReloadServer:62 - Unable to start LiveReload server
2018-03-16 14:32:16.268 INFO  [restartedMain] o.s.j.e.a.AnnotationMBeanExporter:431 - Registering beans for JMX exposure on startup
2018-03-16 14:32:16.269 INFO  [restartedMain] o.s.j.e.a.AnnotationMBeanExporter:916 - Bean with name 'dataSource' has been autodetected for JMX exposure
2018-03-16 14:32:16.269 INFO  [restartedMain] o.s.j.e.a.AnnotationMBeanExporter:916 - Bean with name 'statFilter' has been autodetected for JMX exposure
2018-03-16 14:32:16.271 INFO  [restartedMain] o.s.j.e.a.AnnotationMBeanExporter:671 - Located MBean 'dataSource': registering with JMX server as MBean [com.alibaba.druid.spring.boot.autoconfigure:name=dataSource,type=DruidDataSourceWrapper]
2018-03-16 14:32:16.274 INFO  [restartedMain] o.s.j.e.a.AnnotationMBeanExporter:671 - Located MBean 'statFilter': registering with JMX server as MBean [com.alibaba.druid.filter.stat:name=statFilter,type=StatFilter]
2018-03-16 14:32:16.277 INFO  [restartedMain] o.a.coyote.http11.Http11NioProtocol:179 - Initializing ProtocolHandler ["http-nio-8673"]
2018-03-16 14:32:16.277 INFO  [restartedMain] o.a.coyote.http11.Http11NioProtocol:179 - Starting ProtocolHandler ["http-nio-8673"]
2018-03-16 14:32:16.278 INFO  [restartedMain] o.a.tomcat.util.net.NioSelectorPool:179 - Using a shared selector for servlet write/read
2018-03-16 14:32:16.284 INFO  [restartedMain] o.s.b.c.e.t.TomcatEmbeddedServletContainer:201 - Tomcat started on port(s): 8673 (http)
2018-03-16 14:32:16.286 INFO  [restartedMain] o.g.s.m.provider.SpringCloudProvier:57 - Started SpringCloudProvier in 1.06 seconds (JVM running for 232.352)
2018-03-16 14:32:16.286 INFO  [restartedMain] o.g.s.m.provider.SpringCloudProvier:15 - SpringCloudProvier start success
2018-03-16 15:12:22.436 INFO  [Thread-14] o.s.b.c.e.AnnotationConfigEmbeddedWebApplicationContext:984 - Closing org.springframework.boot.context.embedded.AnnotationConfigEmbeddedWebApplicationContext@7cfaaa72: startup date [Fri Mar 16 14:32:15 CST 2018]; root of context hierarchy
2018-03-16 15:12:22.439 INFO  [Thread-14] o.s.j.e.a.AnnotationMBeanExporter:449 - Unregistering JMX-exposed beans on shutdown
2018-03-16 15:12:22.440 INFO  [Thread-14] o.s.j.e.a.AnnotationMBeanExporter:241 - Unregistering JMX-exposed beans
2018-03-16 15:12:25.704 INFO  [restartedMain] o.g.s.m.provider.SpringCloudProvier:48 - Starting SpringCloudProvier on PC527707 with PID 24800 (E:\java_code1\spring\spring-cloud-provider\target\classes started by 527707 in E:\java_code1\spring\spring-cloud-provider)
2018-03-16 15:12:25.705 INFO  [restartedMain] o.g.s.m.provider.SpringCloudProvier:593 - No active profile set, falling back to default profiles: default
2018-03-16 15:12:25.757 INFO  [restartedMain] o.s.b.c.e.AnnotationConfigEmbeddedWebApplicationContext:583 - Refreshing org.springframework.boot.context.embedded.AnnotationConfigEmbeddedWebApplicationContext@267ba149: startup date [Fri Mar 16 15:12:25 CST 2018]; root of context hierarchy
2018-03-16 15:12:25.969 INFO  [background-preinit] o.h.validator.internal.util.Version:30 - HV000001: Hibernate Validator 5.3.6.Final
2018-03-16 15:12:26.212 INFO  [restartedMain] o.s.b.f.s.DefaultListableBeanFactory:828 - Overriding bean definition for bean 'dataSource' with a different definition: replacing [Generic bean: class [org.giveu.springcloud.mjf.provider.config.DataSource]; scope=singleton; abstract=false; lazyInit=false; autowireMode=0; dependencyCheck=0; autowireCandidate=true; primary=false; factoryBeanName=null; factoryMethodName=null; initMethodName=null; destroyMethodName=null; defined in file [E:\java_code1\spring\spring-cloud-provider\target\classes\org\giveu\springcloud\mjf\provider\config\DataSource.class]] with [Root bean: class [null]; scope=; abstract=false; lazyInit=false; autowireMode=3; dependencyCheck=0; autowireCandidate=true; primary=false; factoryBeanName=dataSource; factoryMethodName=dataSource; initMethodName=null; destroyMethodName=(inferred); defined in class path resource [org/giveu/springcloud/mjf/provider/config/DataSource.class]]
2018-03-16 15:12:26.346 INFO  [restartedMain] o.s.b.f.s.DefaultListableBeanFactory:828 - Overriding bean definition for bean 'dataSource' with a different definition: replacing [Root bean: class [null]; scope=; abstract=false; lazyInit=false; autowireMode=3; dependencyCheck=0; autowireCandidate=true; primary=false; factoryBeanName=dataSource; factoryMethodName=dataSource; initMethodName=null; destroyMethodName=(inferred); defined in class path resource [org/giveu/springcloud/mjf/provider/config/DataSource.class]] with [Root bean: class [null]; scope=; abstract=false; lazyInit=false; autowireMode=3; dependencyCheck=0; autowireCandidate=true; primary=false; factoryBeanName=com.alibaba.druid.spring.boot.autoconfigure.DruidDataSourceAutoConfigure; factoryMethodName=dataSource; initMethodName=null; destroyMethodName=(inferred); defined in class path resource [com/alibaba/druid/spring/boot/autoconfigure/DruidDataSourceAutoConfigure.class]]
2018-03-16 15:12:27.040 INFO  [restartedMain] o.s.b.c.e.t.TomcatEmbeddedServletContainer:89 - Tomcat initialized with port(s): 8673 (http)
2018-03-16 15:12:27.051 INFO  [restartedMain] o.a.catalina.core.StandardService:179 - Starting service [Tomcat]
2018-03-16 15:12:27.053 INFO  [restartedMain] o.a.catalina.core.StandardEngine:179 - Starting Servlet Engine: Apache Tomcat/8.5.23
2018-03-16 15:12:27.133 INFO  [localhost-startStop-1] o.a.c.c.C.[Tomcat].[localhost].[/]:179 - Initializing Spring embedded WebApplicationContext
2018-03-16 15:12:27.133 INFO  [localhost-startStop-1] o.s.web.context.ContextLoader:276 - Root WebApplicationContext: initialization completed in 1376 ms
2018-03-16 15:12:27.317 INFO  [localhost-startStop-1] o.s.b.w.s.ServletRegistrationBean:190 - Mapping servlet: 'dispatcherServlet' to [/]
2018-03-16 15:12:27.318 INFO  [localhost-startStop-1] o.s.b.w.s.ServletRegistrationBean:190 - Mapping servlet: 'statViewServlet' to [/druid/*]
2018-03-16 15:12:27.321 INFO  [localhost-startStop-1] o.s.b.w.s.FilterRegistrationBean:258 - Mapping filter: 'characterEncodingFilter' to: [/*]
2018-03-16 15:12:27.321 INFO  [localhost-startStop-1] o.s.b.w.s.FilterRegistrationBean:258 - Mapping filter: 'hiddenHttpMethodFilter' to: [/*]
2018-03-16 15:12:27.321 INFO  [localhost-startStop-1] o.s.b.w.s.FilterRegistrationBean:258 - Mapping filter: 'httpPutFormContentFilter' to: [/*]
2018-03-16 15:12:27.322 INFO  [localhost-startStop-1] o.s.b.w.s.FilterRegistrationBean:258 - Mapping filter: 'requestContextFilter' to: [/*]
2018-03-16 15:12:27.322 INFO  [localhost-startStop-1] o.s.b.w.s.FilterRegistrationBean:271 - Mapping filter: 'webStatFilter' to urls: [/*]
2018-03-16 15:12:27.820 WARN  [restartedMain] DBKeywordsProcessor:51 - If you want to support the keyword query, must have database_keywords.dic. null
2018-03-16 15:12:28.201 INFO  [restartedMain] o.s.w.s.m.m.a.RequestMappingHandlerAdapter:534 - Looking for @ControllerAdvice: org.springframework.boot.context.embedded.AnnotationConfigEmbeddedWebApplicationContext@267ba149: startup date [Fri Mar 16 15:12:25 CST 2018]; root of context hierarchy
2018-03-16 15:12:28.250 INFO  [restartedMain] o.s.w.s.m.m.a.RequestMappingHandlerMapping:543 - Mapped "{[/index]}" onto public java.lang.String org.giveu.springcloud.mjf.provider.controller.UserController.index()
2018-03-16 15:12:28.251 INFO  [restartedMain] o.s.w.s.m.m.a.RequestMappingHandlerMapping:543 - Mapped "{[/hello]}" onto public java.util.List<org.giveu.springcloud.mjf.provider.model.User> org.giveu.springcloud.mjf.provider.controller.UserController.hello()
2018-03-16 15:12:28.253 INFO  [restartedMain] o.s.w.s.m.m.a.RequestMappingHandlerMapping:543 - Mapped "{[/error]}" onto public org.springframework.http.ResponseEntity<java.util.Map<java.lang.String, java.lang.Object>> org.springframework.boot.autoconfigure.web.BasicErrorController.error(javax.servlet.http.HttpServletRequest)
2018-03-16 15:12:28.253 INFO  [restartedMain] o.s.w.s.m.m.a.RequestMappingHandlerMapping:543 - Mapped "{[/error],produces=[text/html]}" onto public org.springframework.web.servlet.ModelAndView org.springframework.boot.autoconfigure.web.BasicErrorController.errorHtml(javax.servlet.http.HttpServletRequest,javax.servlet.http.HttpServletResponse)
2018-03-16 15:12:28.272 INFO  [restartedMain] o.s.w.s.h.SimpleUrlHandlerMapping:362 - Mapped URL path [/webjars/**] onto handler of type [class org.springframework.web.servlet.resource.ResourceHttpRequestHandler]
2018-03-16 15:12:28.273 INFO  [restartedMain] o.s.w.s.h.SimpleUrlHandlerMapping:362 - Mapped URL path [/**] onto handler of type [class org.springframework.web.servlet.resource.ResourceHttpRequestHandler]
2018-03-16 15:12:28.300 INFO  [restartedMain] o.s.w.s.h.SimpleUrlHandlerMapping:362 - Mapped URL path [/**/favicon.ico] onto handler of type [class org.springframework.web.servlet.resource.ResourceHttpRequestHandler]
2018-03-16 15:12:28.464 WARN  [restartedMain] o.s.b.d.a.OptionalLiveReloadServer:62 - Unable to start LiveReload server
2018-03-16 15:12:28.509 INFO  [restartedMain] o.s.j.e.a.AnnotationMBeanExporter:431 - Registering beans for JMX exposure on startup
2018-03-16 15:12:28.510 INFO  [restartedMain] o.s.j.e.a.AnnotationMBeanExporter:916 - Bean with name 'dataSource' has been autodetected for JMX exposure
2018-03-16 15:12:28.511 INFO  [restartedMain] o.s.j.e.a.AnnotationMBeanExporter:916 - Bean with name 'statFilter' has been autodetected for JMX exposure
2018-03-16 15:12:28.514 INFO  [restartedMain] o.s.j.e.a.AnnotationMBeanExporter:671 - Located MBean 'dataSource': registering with JMX server as MBean [com.alibaba.druid.spring.boot.autoconfigure:name=dataSource,type=DruidDataSourceWrapper]
2018-03-16 15:12:28.516 INFO  [restartedMain] o.s.j.e.a.AnnotationMBeanExporter:671 - Located MBean 'statFilter': registering with JMX server as MBean [com.alibaba.druid.filter.stat:name=statFilter,type=StatFilter]
2018-03-16 15:12:28.527 INFO  [restartedMain] o.a.coyote.http11.Http11NioProtocol:179 - Initializing ProtocolHandler ["http-nio-8673"]
2018-03-16 15:12:28.536 INFO  [restartedMain] o.a.coyote.http11.Http11NioProtocol:179 - Starting ProtocolHandler ["http-nio-8673"]
2018-03-16 15:12:28.544 INFO  [restartedMain] o.a.tomcat.util.net.NioSelectorPool:179 - Using a shared selector for servlet write/read
2018-03-16 15:12:28.557 INFO  [restartedMain] o.s.b.c.e.t.TomcatEmbeddedServletContainer:201 - Tomcat started on port(s): 8673 (http)
2018-03-16 15:12:28.561 INFO  [restartedMain] o.g.s.m.provider.SpringCloudProvier:57 - Started SpringCloudProvier in 3.157 seconds (JVM running for 3.473)
2018-03-16 15:12:28.561 INFO  [restartedMain] o.g.s.m.provider.SpringCloudProvier:15 - SpringCloudProvier start success
2018-03-16 15:12:32.930 INFO  [http-nio-8673-exec-1] o.a.c.c.C.[Tomcat].[localhost].[/]:179 - Initializing Spring FrameworkServlet 'dispatcherServlet'
2018-03-16 15:12:32.931 INFO  [http-nio-8673-exec-1] o.s.web.servlet.DispatcherServlet:489 - FrameworkServlet 'dispatcherServlet': initialization started
2018-03-16 15:12:32.947 INFO  [http-nio-8673-exec-1] o.s.web.servlet.DispatcherServlet:508 - FrameworkServlet 'dispatcherServlet': initialization completed in 16 ms
2018-03-16 15:12:42.923 INFO  [Thread-1] o.s.b.c.e.AnnotationConfigEmbeddedWebApplicationContext:984 - Closing org.springframework.boot.context.embedded.AnnotationConfigEmbeddedWebApplicationContext@267ba149: startup date [Fri Mar 16 15:12:25 CST 2018]; root of context hierarchy
2018-03-16 15:12:42.926 INFO  [Thread-1] o.s.j.e.a.AnnotationMBeanExporter:449 - Unregistering JMX-exposed beans on shutdown
2018-03-16 15:12:42.927 INFO  [Thread-1] o.s.j.e.a.AnnotationMBeanExporter:241 - Unregistering JMX-exposed beans
2018-03-16 15:12:43.217 INFO  [restartedMain] o.g.s.m.provider.SpringCloudProvier:48 - Starting SpringCloudProvier on PC527707 with PID 24800 (E:\java_code1\spring\spring-cloud-provider\target\classes started by 527707 in E:\java_code1\spring\spring-cloud-provider)
2018-03-16 15:12:43.218 INFO  [restartedMain] o.g.s.m.provider.SpringCloudProvier:593 - No active profile set, falling back to default profiles: default
2018-03-16 15:12:43.220 INFO  [restartedMain] o.s.b.c.e.AnnotationConfigEmbeddedWebApplicationContext:583 - Refreshing org.springframework.boot.context.embedded.AnnotationConfigEmbeddedWebApplicationContext@4d2edf03: startup date [Fri Mar 16 15:12:43 CST 2018]; root of context hierarchy
2018-03-16 15:12:43.417 INFO  [restartedMain] o.s.b.f.s.DefaultListableBeanFactory:828 - Overriding bean definition for bean 'dataSource' with a different definition: replacing [Generic bean: class [org.giveu.springcloud.mjf.provider.config.DataSource]; scope=singleton; abstract=false; lazyInit=false; autowireMode=0; dependencyCheck=0; autowireCandidate=true; primary=false; factoryBeanName=null; factoryMethodName=null; initMethodName=null; destroyMethodName=null; defined in file [E:\java_code1\spring\spring-cloud-provider\target\classes\org\giveu\springcloud\mjf\provider\config\DataSource.class]] with [Root bean: class [null]; scope=; abstract=false; lazyInit=false; autowireMode=3; dependencyCheck=0; autowireCandidate=true; primary=false; factoryBeanName=dataSource; factoryMethodName=dataSource; initMethodName=null; destroyMethodName=(inferred); defined in class path resource [org/giveu/springcloud/mjf/provider/config/DataSource.class]]
2018-03-16 15:12:43.440 INFO  [restartedMain] o.s.b.f.s.DefaultListableBeanFactory:828 - Overriding bean definition for bean 'dataSource' with a different definition: replacing [Root bean: class [null]; scope=; abstract=false; lazyInit=false; autowireMode=3; dependencyCheck=0; autowireCandidate=true; primary=false; factoryBeanName=dataSource; factoryMethodName=dataSource; initMethodName=null; destroyMethodName=(inferred); defined in class path resource [org/giveu/springcloud/mjf/provider/config/DataSource.class]] with [Root bean: class [null]; scope=; abstract=false; lazyInit=false; autowireMode=3; dependencyCheck=0; autowireCandidate=true; primary=false; factoryBeanName=com.alibaba.druid.spring.boot.autoconfigure.DruidDataSourceAutoConfigure; factoryMethodName=dataSource; initMethodName=null; destroyMethodName=(inferred); defined in class path resource [com/alibaba/druid/spring/boot/autoconfigure/DruidDataSourceAutoConfigure.class]]
2018-03-16 15:12:43.516 INFO  [restartedMain] o.s.b.c.e.t.TomcatEmbeddedServletContainer:89 - Tomcat initialized with port(s): 8673 (http)
2018-03-16 15:12:43.516 INFO  [restartedMain] o.a.catalina.core.StandardService:179 - Starting service [Tomcat]
2018-03-16 15:12:43.517 INFO  [restartedMain] o.a.catalina.core.StandardEngine:179 - Starting Servlet Engine: Apache Tomcat/8.5.23
2018-03-16 15:12:43.523 INFO  [localhost-startStop-1] o.a.c.c.C.[Tomcat].[localhost].[/]:179 - Initializing Spring embedded WebApplicationContext
2018-03-16 15:12:43.524 INFO  [localhost-startStop-1] o.s.web.context.ContextLoader:276 - Root WebApplicationContext: initialization completed in 305 ms
2018-03-16 15:12:43.552 INFO  [localhost-startStop-1] o.s.b.w.s.ServletRegistrationBean:190 - Mapping servlet: 'dispatcherServlet' to [/]
2018-03-16 15:12:43.553 INFO  [localhost-startStop-1] o.s.b.w.s.ServletRegistrationBean:190 - Mapping servlet: 'statViewServlet' to [/druid/*]
2018-03-16 15:12:43.554 INFO  [localhost-startStop-1] o.s.b.w.s.FilterRegistrationBean:258 - Mapping filter: 'characterEncodingFilter' to: [/*]
2018-03-16 15:12:43.554 INFO  [localhost-startStop-1] o.s.b.w.s.FilterRegistrationBean:258 - Mapping filter: 'hiddenHttpMethodFilter' to: [/*]
2018-03-16 15:12:43.554 INFO  [localhost-startStop-1] o.s.b.w.s.FilterRegistrationBean:258 - Mapping filter: 'httpPutFormContentFilter' to: [/*]
2018-03-16 15:12:43.554 INFO  [localhost-startStop-1] o.s.b.w.s.FilterRegistrationBean:258 - Mapping filter: 'requestContextFilter' to: [/*]
2018-03-16 15:12:43.554 INFO  [localhost-startStop-1] o.s.b.w.s.FilterRegistrationBean:271 - Mapping filter: 'webStatFilter' to urls: [/*]
2018-03-16 15:12:43.885 INFO  [restartedMain] o.s.w.s.m.m.a.RequestMappingHandlerAdapter:534 - Looking for @ControllerAdvice: org.springframework.boot.context.embedded.AnnotationConfigEmbeddedWebApplicationContext@4d2edf03: startup date [Fri Mar 16 15:12:43 CST 2018]; root of context hierarchy
2018-03-16 15:12:43.890 INFO  [restartedMain] o.s.w.s.m.m.a.RequestMappingHandlerMapping:543 - Mapped "{[/index]}" onto public java.lang.String org.giveu.springcloud.mjf.provider.controller.UserController.index()
2018-03-16 15:12:43.890 INFO  [restartedMain] o.s.w.s.m.m.a.RequestMappingHandlerMapping:543 - Mapped "{[/hello]}" onto public java.util.List<org.giveu.springcloud.mjf.provider.model.User> org.giveu.springcloud.mjf.provider.controller.UserController.hello()
2018-03-16 15:12:43.892 INFO  [restartedMain] o.s.w.s.m.m.a.RequestMappingHandlerMapping:543 - Mapped "{[/error]}" onto public org.springframework.http.ResponseEntity<java.util.Map<java.lang.String, java.lang.Object>> org.springframework.boot.autoconfigure.web.BasicErrorController.error(javax.servlet.http.HttpServletRequest)
2018-03-16 15:12:43.892 INFO  [restartedMain] o.s.w.s.m.m.a.RequestMappingHandlerMapping:543 - Mapped "{[/error],produces=[text/html]}" onto public org.springframework.web.servlet.ModelAndView org.springframework.boot.autoconfigure.web.BasicErrorController.errorHtml(javax.servlet.http.HttpServletRequest,javax.servlet.http.HttpServletResponse)
2018-03-16 15:12:43.898 INFO  [restartedMain] o.s.w.s.h.SimpleUrlHandlerMapping:362 - Mapped URL path [/webjars/**] onto handler of type [class org.springframework.web.servlet.resource.ResourceHttpRequestHandler]
2018-03-16 15:12:43.898 INFO  [restartedMain] o.s.w.s.h.SimpleUrlHandlerMapping:362 - Mapped URL path [/**] onto handler of type [class org.springframework.web.servlet.resource.ResourceHttpRequestHandler]
2018-03-16 15:12:43.907 INFO  [restartedMain] o.s.w.s.h.SimpleUrlHandlerMapping:362 - Mapped URL path [/**/favicon.ico] onto handler of type [class org.springframework.web.servlet.resource.ResourceHttpRequestHandler]
2018-03-16 15:12:43.937 WARN  [restartedMain] o.s.b.d.a.OptionalLiveReloadServer:62 - Unable to start LiveReload server
2018-03-16 15:12:43.983 INFO  [restartedMain] o.s.j.e.a.AnnotationMBeanExporter:431 - Registering beans for JMX exposure on startup
2018-03-16 15:12:43.984 INFO  [restartedMain] o.s.j.e.a.AnnotationMBeanExporter:916 - Bean with name 'dataSource' has been autodetected for JMX exposure
2018-03-16 15:12:43.984 INFO  [restartedMain] o.s.j.e.a.AnnotationMBeanExporter:916 - Bean with name 'statFilter' has been autodetected for JMX exposure
2018-03-16 15:12:43.986 INFO  [restartedMain] o.s.j.e.a.AnnotationMBeanExporter:671 - Located MBean 'dataSource': registering with JMX server as MBean [com.alibaba.druid.spring.boot.autoconfigure:name=dataSource,type=DruidDataSourceWrapper]
2018-03-16 15:12:43.987 INFO  [restartedMain] o.s.j.e.a.AnnotationMBeanExporter:671 - Located MBean 'statFilter': registering with JMX server as MBean [com.alibaba.druid.filter.stat:name=statFilter,type=StatFilter]
2018-03-16 15:12:43.990 INFO  [restartedMain] o.a.coyote.http11.Http11NioProtocol:179 - Initializing ProtocolHandler ["http-nio-8673"]
2018-03-16 15:12:43.991 INFO  [restartedMain] o.a.coyote.http11.Http11NioProtocol:179 - Starting ProtocolHandler ["http-nio-8673"]
2018-03-16 15:12:43.992 INFO  [restartedMain] o.a.tomcat.util.net.NioSelectorPool:179 - Using a shared selector for servlet write/read
2018-03-16 15:12:43.995 INFO  [restartedMain] o.s.b.c.e.t.TomcatEmbeddedServletContainer:201 - Tomcat started on port(s): 8673 (http)
2018-03-16 15:12:43.997 INFO  [restartedMain] o.g.s.m.provider.SpringCloudProvier:57 - Started SpringCloudProvier in 0.824 seconds (JVM running for 18.908)
2018-03-16 15:12:43.997 INFO  [restartedMain] o.g.s.m.provider.SpringCloudProvier:15 - SpringCloudProvier start success
